This file contains any messages produced by compilers while
running configure, to aid debugging if configure makes a mistake.

It was created by tcl configure 8.5, which was
generated by GNU Autoconf 2.59.  Invocation command line was

  $ ./configure 

## --------- ##
## Platform. ##
## --------- ##

hostname = benevantmathew-HP-Pavilion-15-Notebook-PC
uname -m = x86_64
uname -r = 5.15.0-57-generic
uname -s = Linux
uname -v = #63-Ubuntu SMP Thu Nov 24 13:43:17 UTC 2022

/usr/bin/uname -p = x86_64
/bin/uname -X     = unknown

/bin/arch              = x86_64
/usr/bin/arch -k       = unknown
/usr/convex/getsysinfo = unknown
hostinfo               = unknown
/bin/machine           = unknown
/usr/bin/oslevel       = unknown
/bin/universe          = unknown

PATH: /usr/local/sbin
PATH: /usr/local/bin
PATH: /usr/sbin
PATH: /usr/bin
PATH: /sbin
PATH: /bin
PATH: /snap/bin


## ----------- ##
## Core tests. ##
## ----------- ##

configure:1360: checking whether to use symlinks for manpages
configure:1369: result: no
configure:1372: checking whether to compress the manpages
configure:1387: result: no
configure:1401: checking whether to add a package name suffix for the manpages
configure:1414: result: no
configure:1476: checking for gcc
configure:1492: found /usr/bin/gcc
configure:1502: result: gcc
configure:1746: checking for C compiler version
configure:1749: gcc --version </dev/null >&5
gcc (Ubuntu 11.3.0-1ubuntu1~22.04) 11.3.0
Copyright (C) 2021 Free Software Foundation, Inc.
This is free software; see the source for copying conditions.  There is NO
warranty; not even for MERCHANTABILITY or FITNESS FOR A PARTICULAR PURPOSE.

configure:1752: $? = 0
configure:1754: gcc -v </dev/null >&5
Using built-in specs.
COLLECT_GCC=gcc
COLLECT_LTO_WRAPPER=/usr/lib/gcc/x86_64-linux-gnu/11/lto-wrapper
OFFLOAD_TARGET_NAMES=nvptx-none:amdgcn-amdhsa
OFFLOAD_TARGET_DEFAULT=1
Target: x86_64-linux-gnu
Configured with: ../src/configure -v --with-pkgversion='Ubuntu 11.3.0-1ubuntu1~22.04' --with-bugurl=file:///usr/share/doc/gcc-11/README.Bugs --enable-languages=c,ada,c++,go,brig,d,fortran,objc,obj-c++,m2 --prefix=/usr --with-gcc-major-version-only --program-suffix=-11 --program-prefix=x86_64-linux-gnu- --enable-shared --enable-linker-build-id --libexecdir=/usr/lib --without-included-gettext --enable-threads=posix --libdir=/usr/lib --enable-nls --enable-bootstrap --enable-clocale=gnu --enable-libstdcxx-debug --enable-libstdcxx-time=yes --with-default-libstdcxx-abi=new --enable-gnu-unique-object --disable-vtable-verify --enable-plugin --enable-default-pie --with-system-zlib --enable-libphobos-checking=release --with-target-system-zlib=auto --enable-objc-gc=auto --enable-multiarch --disable-werror --enable-cet --with-arch-32=i686 --with-abi=m64 --with-multilib-list=m32,m64,mx32 --enable-multilib --with-tune=generic --enable-offload-targets=nvptx-none=/build/gcc-11-xKiWfi/gcc-11-11.3.0/debian/tmp-nvptx/usr,amdgcn-amdhsa=/build/gcc-11-xKiWfi/gcc-11-11.3.0/debian/tmp-gcn/usr --without-cuda-driver --enable-checking=release --build=x86_64-linux-gnu --host=x86_64-linux-gnu --target=x86_64-linux-gnu --with-build-config=bootstrap-lto-lean --enable-link-serialization=2
Thread model: posix
Supported LTO compression algorithms: zlib zstd
gcc version 11.3.0 (Ubuntu 11.3.0-1ubuntu1~22.04) 
configure:1757: $? = 0
configure:1759: gcc -V </dev/null >&5
gcc: error: unrecognized command-line option '-V'
gcc: fatal error: no input files
compilation terminated.
configure:1762: $? = 1
configure:1785: checking for C compiler default output file name
configure:1788: gcc    conftest.c  >&5
configure:1791: $? = 0
configure:1837: result: a.out
configure:1842: checking whether the C compiler works
configure:1848: ./a.out
configure:1851: $? = 0
configure:1868: result: yes
configure:1875: checking whether we are cross compiling
configure:1877: result: no
configure:1880: checking for suffix of executables
configure:1882: gcc -o conftest    conftest.c  >&5
configure:1885: $? = 0
configure:1910: result: 
configure:1916: checking for suffix of object files
configure:1937: gcc -c   conftest.c >&5
configure:1940: $? = 0
configure:1962: result: o
configure:1966: checking whether we are using the GNU C compiler
configure:1990: gcc -c   conftest.c >&5
configure:1996: $? = 0
configure:2000: test -z 
			 || test ! -s conftest.err
configure:2003: $? = 0
configure:2006: test -s conftest.o
configure:2009: $? = 0
configure:2022: result: yes
configure:2028: checking whether gcc accepts -g
configure:2049: gcc -c -g  conftest.c >&5
configure:2055: $? = 0
configure:2059: test -z 
			 || test ! -s conftest.err
configure:2062: $? = 0
configure:2065: test -s conftest.o
configure:2068: $? = 0
configure:2079: result: yes
configure:2096: checking for gcc option to accept ANSI C
configure:2166: gcc  -c   conftest.c >&5
configure:2172: $? = 0
configure:2176: test -z 
			 || test ! -s conftest.err
configure:2179: $? = 0
configure:2182: test -s conftest.o
configure:2185: $? = 0
configure:2203: result: none needed
configure:2221: gcc -c   conftest.c >&5
conftest.c:2:3: error: unknown type name 'choke'
    2 |   choke me
      |   ^~~~~
conftest.c:2:3: error: expected '=', ',', ';', 'asm' or '__attribute__' at end of input
configure:2227: $? = 1
configure: failed program was:
| #ifndef __cplusplus
|   choke me
| #endif
configure:2361: checking for inline
configure:2382: gcc -c   conftest.c >&5
configure:2388: $? = 0
configure:2392: test -z 
			 || test ! -s conftest.err
configure:2395: $? = 0
configure:2398: test -s conftest.o
configure:2401: $? = 0
configure:2413: result: inline
configure:2447: checking how to run the C preprocessor
configure:2482: gcc -E  conftest.c
configure:2488: $? = 0
configure:2520: gcc -E  conftest.c
conftest.c:9:10: fatal error: ac_nonexistent.h: No such file or directory
    9 | #include <ac_nonexistent.h>
      |          ^~~~~~~~~~~~~~~~~~
compilation terminated.
configure:2526: $? = 1
configure: failed program was:
| /* confdefs.h.  */
| 
| #define PACKAGE_NAME "tcl"
| #define PACKAGE_TARNAME "tcl"
| #define PACKAGE_VERSION "8.5"
| #define PACKAGE_STRING "tcl 8.5"
| #define PACKAGE_BUGREPORT ""
| /* end confdefs.h.  */
| #include <ac_nonexistent.h>
configure:2565: result: gcc -E
configure:2589: gcc -E  conftest.c
configure:2595: $? = 0
configure:2627: gcc -E  conftest.c
conftest.c:9:10: fatal error: ac_nonexistent.h: No such file or directory
    9 | #include <ac_nonexistent.h>
      |          ^~~~~~~~~~~~~~~~~~
compilation terminated.
configure:2633: $? = 1
configure: failed program was:
| /* confdefs.h.  */
| 
| #define PACKAGE_NAME "tcl"
| #define PACKAGE_TARNAME "tcl"
| #define PACKAGE_VERSION "8.5"
| #define PACKAGE_STRING "tcl 8.5"
| #define PACKAGE_BUGREPORT ""
| /* end confdefs.h.  */
| #include <ac_nonexistent.h>
configure:2677: checking for egrep
configure:2687: result: grep -E
configure:2692: checking for ANSI C header files
configure:2717: gcc -c   conftest.c >&5
configure:2723: $? = 0
configure:2727: test -z 
			 || test ! -s conftest.err
configure:2730: $? = 0
configure:2733: test -s conftest.o
configure:2736: $? = 0
configure:2825: gcc -o conftest    conftest.c  >&5
conftest.c: In function 'main':
conftest.c:26:7: warning: implicit declaration of function 'exit' [-Wimplicit-function-declaration]
   26 |       exit(2);
      |       ^~~~
conftest.c:10:1: note: include '<stdlib.h>' or provide a declaration of 'exit'
    9 | #include <ctype.h>
  +++ |+#include <stdlib.h>
   10 | #if ((' ' & 0x0FF) == 0x020)
conftest.c:26:7: warning: incompatible implicit declaration of built-in function 'exit' [-Wbuiltin-declaration-mismatch]
   26 |       exit(2);
      |       ^~~~
conftest.c:26:7: note: include '<stdlib.h>' or provide a declaration of 'exit'
conftest.c:27:3: warning: incompatible implicit declaration of built-in function 'exit' [-Wbuiltin-declaration-mismatch]
   27 |   exit (0);
      |   ^~~~
conftest.c:27:3: note: include '<stdlib.h>' or provide a declaration of 'exit'
configure:2828: $? = 0
configure:2830: ./conftest
configure:2833: $? = 0
configure:2848: result: yes
configure:2872: checking for sys/types.h
configure:2888: gcc -c   conftest.c >&5
configure:2894: $? = 0
configure:2898: test -z 
			 || test ! -s conftest.err
configure:2901: $? = 0
configure:2904: test -s conftest.o
configure:2907: $? = 0
configure:2918: result: yes
configure:2872: checking for sys/stat.h
configure:2888: gcc -c   conftest.c >&5
configure:2894: $? = 0
configure:2898: test -z 
			 || test ! -s conftest.err
configure:2901: $? = 0
configure:2904: test -s conftest.o
configure:2907: $? = 0
configure:2918: result: yes
configure:2872: checking for stdlib.h
configure:2888: gcc -c   conftest.c >&5
configure:2894: $? = 0
configure:2898: test -z 
			 || test ! -s conftest.err
configure:2901: $? = 0
configure:2904: test -s conftest.o
configure:2907: $? = 0
configure:2918: result: yes
configure:2872: checking for string.h
configure:2888: gcc -c   conftest.c >&5
configure:2894: $? = 0
configure:2898: test -z 
			 || test ! -s conftest.err
configure:2901: $? = 0
configure:2904: test -s conftest.o
configure:2907: $? = 0
configure:2918: result: yes
configure:2872: checking for memory.h
configure:2888: gcc -c   conftest.c >&5
configure:2894: $? = 0
configure:2898: test -z 
			 || test ! -s conftest.err
configure:2901: $? = 0
configure:2904: test -s conftest.o
configure:2907: $? = 0
configure:2918: result: yes
configure:2872: checking for strings.h
configure:2888: gcc -c   conftest.c >&5
configure:2894: $? = 0
configure:2898: test -z 
			 || test ! -s conftest.err
configure:2901: $? = 0
configure:2904: test -s conftest.o
configure:2907: $? = 0
configure:2918: result: yes
configure:2872: checking for inttypes.h
configure:2888: gcc -c   conftest.c >&5
configure:2894: $? = 0
configure:2898: test -z 
			 || test ! -s conftest.err
configure:2901: $? = 0
configure:2904: test -s conftest.o
configure:2907: $? = 0
configure:2918: result: yes
configure:2872: checking for stdint.h
configure:2888: gcc -c   conftest.c >&5
configure:2894: $? = 0
configure:2898: test -z 
			 || test ! -s conftest.err
configure:2901: $? = 0
configure:2904: test -s conftest.o
configure:2907: $? = 0
configure:2918: result: yes
configure:2872: checking for unistd.h
configure:2888: gcc -c   conftest.c >&5
configure:2894: $? = 0
configure:2898: test -z 
			 || test ! -s conftest.err
configure:2901: $? = 0
configure:2904: test -s conftest.o
configure:2907: $? = 0
configure:2918: result: yes
configure:2931: checking dirent.h
configure:2972: gcc -o conftest    conftest.c  >&5
configure:2978: $? = 0
configure:2982: test -z 
			 || test ! -s conftest.err
configure:2985: $? = 0
configure:2988: test -s conftest
configure:2991: $? = 0
configure:3003: result: yes
configure:3024: checking float.h usability
configure:3036: gcc -c   conftest.c >&5
configure:3042: $? = 0
configure:3046: test -z 
			 || test ! -s conftest.err
configure:3049: $? = 0
configure:3052: test -s conftest.o
configure:3055: $? = 0
configure:3065: result: yes
configure:3069: checking float.h presence
configure:3079: gcc -E  conftest.c
configure:3085: $? = 0
configure:3105: result: yes
configure:3140: checking for float.h
configure:3147: result: yes
configure:3172: checking values.h usability
configure:3184: gcc -c   conftest.c >&5
configure:3190: $? = 0
configure:3194: test -z 
			 || test ! -s conftest.err
configure:3197: $? = 0
configure:3200: test -s conftest.o
configure:3203: $? = 0
configure:3213: result: yes
configure:3217: checking values.h presence
configure:3227: gcc -E  conftest.c
configure:3233: $? = 0
configure:3253: result: yes
configure:3288: checking for values.h
configure:3295: result: yes
configure:3320: checking limits.h usability
configure:3332: gcc -c   conftest.c >&5
configure:3338: $? = 0
configure:3342: test -z 
			 || test ! -s conftest.err
configure:3345: $? = 0
configure:3348: test -s conftest.o
configure:3351: $? = 0
configure:3361: result: yes
configure:3365: checking limits.h presence
configure:3375: gcc -E  conftest.c
configure:3381: $? = 0
configure:3401: result: yes
configure:3436: checking for limits.h
configure:3443: result: yes
configure:3463: checking for stdlib.h
configure:3468: result: yes
configure:3665: checking for string.h
configure:3670: result: yes
configure:3864: checking sys/wait.h usability
configure:3876: gcc -c   conftest.c >&5
configure:3882: $? = 0
configure:3886: test -z 
			 || test ! -s conftest.err
configure:3889: $? = 0
configure:3892: test -s conftest.o
configure:3895: $? = 0
configure:3905: result: yes
configure:3909: checking sys/wait.h presence
configure:3919: gcc -E  conftest.c
configure:3925: $? = 0
configure:3945: result: yes
configure:3980: checking for sys/wait.h
configure:3987: result: yes
configure:4012: checking dlfcn.h usability
configure:4024: gcc -c   conftest.c >&5
configure:4030: $? = 0
configure:4034: test -z 
			 || test ! -s conftest.err
configure:4037: $? = 0
configure:4040: test -s conftest.o
configure:4043: $? = 0
configure:4053: result: yes
configure:4057: checking dlfcn.h presence
configure:4067: gcc -E  conftest.c
configure:4073: $? = 0
configure:4093: result: yes
configure:4128: checking for dlfcn.h
configure:4135: result: yes
configure:4166: checking sys/param.h usability
configure:4178: gcc -c   conftest.c >&5
configure:4184: $? = 0
configure:4188: test -z 
			 || test ! -s conftest.err
configure:4191: $? = 0
configure:4194: test -s conftest.o
configure:4197: $? = 0
configure:4207: result: yes
configure:4211: checking sys/param.h presence
configure:4221: gcc -E  conftest.c
configure:4227: $? = 0
configure:4247: result: yes
configure:4282: checking for sys/param.h
configure:4289: result: yes
configure:4310: checking if the compiler understands -pipe
configure:4333: gcc -c  -pipe  conftest.c >&5
configure:4339: $? = 0
configure:4343: test -z 
			 || test ! -s conftest.err
configure:4346: $? = 0
configure:4349: test -s conftest.o
configure:4352: $? = 0
configure:4364: result: yes
configure:5283: checking for building with threads
configure:5299: result: no (default)
configure:5345: checking for sin
configure:5402: gcc -o conftest  -pipe   conftest.c  >&5
conftest.c:46:6: warning: conflicting types for built-in function 'sin'; expected 'double(double)' [-Wbuiltin-declaration-mismatch]
   46 | char sin ();
      |      ^~~
conftest.c:33:1: note: 'sin' is declared in header '<math.h>'
   32 | # include <limits.h>
   33 | #else
/usr/bin/ld: /tmp/cctGgfSN.o: in function `main':
conftest.c:(.text+0x12): undefined reference to `sin'
/usr/bin/ld: /tmp/cctGgfSN.o:(.data.rel+0x0): undefined reference to `sin'
collect2: error: ld returned 1 exit status
configure:5408: $? = 1
configure: failed program was:
| /* confdefs.h.  */
| 
| #define PACKAGE_NAME "tcl"
| #define PACKAGE_TARNAME "tcl"
| #define PACKAGE_VERSION "8.5"
| #define PACKAGE_STRING "tcl 8.5"
| #define PACKAGE_BUGREPORT ""
| #define STDC_HEADERS 1
| #define HAVE_SYS_TYPES_H 1
| #define HAVE_SYS_STAT_H 1
| #define HAVE_STDLIB_H 1
| #define HAVE_STRING_H 1
| #define HAVE_MEMORY_H 1
| #define HAVE_STRINGS_H 1
| #define HAVE_INTTYPES_H 1
| #define HAVE_STDINT_H 1
| #define HAVE_UNISTD_H 1
| #define HAVE_LIMITS_H 1
| #define HAVE_SYS_PARAM_H 1
| #define TCL_CFGVAL_ENCODING "iso8859-1"
| /* end confdefs.h.  */
| /* Define sin to an innocuous variant, in case <limits.h> declares sin.
|    For example, HP-UX 11i <limits.h> declares gettimeofday.  */
| #define sin innocuous_sin
| 
| /* System header to define __stub macros and hopefully few prototypes,
|     which can conflict with char sin (); below.
|     Prefer <limits.h> to <assert.h> if __STDC__ is defined, since
|     <limits.h> exists even on freestanding compilers.  */
| 
| #ifdef __STDC__
| # include <limits.h>
| #else
| # include <assert.h>
| #endif
| 
| #undef sin
| 
| /* Override any gcc2 internal prototype to avoid an error.  */
| #ifdef __cplusplus
| extern "C"
| {
| #endif
| /* We use char because int might match the return type of a gcc2
|    builtin and then its argument prototype would still apply.  */
| char sin ();
| /* The GNU C library defines this for functions which it implements
|     to always fail with ENOSYS.  Some functions are actually named
|     something starting with __ and the normal name is an alias.  */
| #if defined (__stub_sin) || defined (__stub___sin)
| choke me
| #else
| char (*f) () = sin;
| #endif
| #ifdef __cplusplus
| }
| #endif
| 
| int
| main ()
| {
| return f != sin;
|   ;
|   return 0;
| }
configure:5433: result: no
configure:5441: checking for main in -lieee
configure:5465: gcc -o conftest  -pipe   conftest.c -lieee   >&5
/usr/bin/ld: cannot find -lieee: No such file or directory
collect2: error: ld returned 1 exit status
configure:5471: $? = 1
configure: failed program was:
| /* confdefs.h.  */
| 
| #define PACKAGE_NAME "tcl"
| #define PACKAGE_TARNAME "tcl"
| #define PACKAGE_VERSION "8.5"
| #define PACKAGE_STRING "tcl 8.5"
| #define PACKAGE_BUGREPORT ""
| #define STDC_HEADERS 1
| #define HAVE_SYS_TYPES_H 1
| #define HAVE_SYS_STAT_H 1
| #define HAVE_STDLIB_H 1
| #define HAVE_STRING_H 1
| #define HAVE_MEMORY_H 1
| #define HAVE_STRINGS_H 1
| #define HAVE_INTTYPES_H 1
| #define HAVE_STDINT_H 1
| #define HAVE_UNISTD_H 1
| #define HAVE_LIMITS_H 1
| #define HAVE_SYS_PARAM_H 1
| #define TCL_CFGVAL_ENCODING "iso8859-1"
| /* end confdefs.h.  */
| 
| 
| int
| main ()
| {
| main ();
|   ;
|   return 0;
| }
configure:5497: result: no
configure:5509: checking for main in -linet
configure:5533: gcc -o conftest  -pipe   conftest.c -linet   >&5
/usr/bin/ld: cannot find -linet: No such file or directory
collect2: error: ld returned 1 exit status
configure:5539: $? = 1
configure: failed program was:
| /* confdefs.h.  */
| 
| #define PACKAGE_NAME "tcl"
| #define PACKAGE_TARNAME "tcl"
| #define PACKAGE_VERSION "8.5"
| #define PACKAGE_STRING "tcl 8.5"
| #define PACKAGE_BUGREPORT ""
| #define STDC_HEADERS 1
| #define HAVE_SYS_TYPES_H 1
| #define HAVE_SYS_STAT_H 1
| #define HAVE_STDLIB_H 1
| #define HAVE_STRING_H 1
| #define HAVE_MEMORY_H 1
| #define HAVE_STRINGS_H 1
| #define HAVE_INTTYPES_H 1
| #define HAVE_STDINT_H 1
| #define HAVE_UNISTD_H 1
| #define HAVE_LIMITS_H 1
| #define HAVE_SYS_PARAM_H 1
| #define TCL_CFGVAL_ENCODING "iso8859-1"
| /* end confdefs.h.  */
| 
| 
| int
| main ()
| {
| main ();
|   ;
|   return 0;
| }
configure:5565: result: no
configure:5581: checking net/errno.h usability
configure:5593: gcc -c  -pipe  conftest.c >&5
conftest.c:56:10: fatal error: net/errno.h: No such file or directory
   56 | #include <net/errno.h>
      |          ^~~~~~~~~~~~~
compilation terminated.
configure:5599: $? = 1
configure: failed program was:
| /* confdefs.h.  */
| 
| #define PACKAGE_NAME "tcl"
| #define PACKAGE_TARNAME "tcl"
| #define PACKAGE_VERSION "8.5"
| #define PACKAGE_STRING "tcl 8.5"
| #define PACKAGE_BUGREPORT ""
| #define STDC_HEADERS 1
| #define HAVE_SYS_TYPES_H 1
| #define HAVE_SYS_STAT_H 1
| #define HAVE_STDLIB_H 1
| #define HAVE_STRING_H 1
| #define HAVE_MEMORY_H 1
| #define HAVE_STRINGS_H 1
| #define HAVE_INTTYPES_H 1
| #define HAVE_STDINT_H 1
| #define HAVE_UNISTD_H 1
| #define HAVE_LIMITS_H 1
| #define HAVE_SYS_PARAM_H 1
| #define TCL_CFGVAL_ENCODING "iso8859-1"
| /* end confdefs.h.  */
| #include <stdio.h>
| #if HAVE_SYS_TYPES_H
| # include <sys/types.h>
| #endif
| #if HAVE_SYS_STAT_H
| # include <sys/stat.h>
| #endif
| #if STDC_HEADERS
| # include <stdlib.h>
| # include <stddef.h>
| #else
| # if HAVE_STDLIB_H
| #  include <stdlib.h>
| # endif
| #endif
| #if HAVE_STRING_H
| # if !STDC_HEADERS && HAVE_MEMORY_H
| #  include <memory.h>
| # endif
| # include <string.h>
| #endif
| #if HAVE_STRINGS_H
| # include <strings.h>
| #endif
| #if HAVE_INTTYPES_H
| # include <inttypes.h>
| #else
| # if HAVE_STDINT_H
| #  include <stdint.h>
| # endif
| #endif
| #if HAVE_UNISTD_H
| # include <unistd.h>
| #endif
| #include <net/errno.h>
configure:5622: result: no
configure:5626: checking net/errno.h presence
configure:5636: gcc -E  conftest.c
conftest.c:22:10: fatal error: net/errno.h: No such file or directory
   22 | #include <net/errno.h>
      |          ^~~~~~~~~~~~~
compilation terminated.
configure:5642: $? = 1
configure: failed program was:
| /* confdefs.h.  */
| 
| #define PACKAGE_NAME "tcl"
| #define PACKAGE_TARNAME "tcl"
| #define PACKAGE_VERSION "8.5"
| #define PACKAGE_STRING "tcl 8.5"
| #define PACKAGE_BUGREPORT ""
| #define STDC_HEADERS 1
| #define HAVE_SYS_TYPES_H 1
| #define HAVE_SYS_STAT_H 1
| #define HAVE_STDLIB_H 1
| #define HAVE_STRING_H 1
| #define HAVE_MEMORY_H 1
| #define HAVE_STRINGS_H 1
| #define HAVE_INTTYPES_H 1
| #define HAVE_STDINT_H 1
| #define HAVE_UNISTD_H 1
| #define HAVE_LIMITS_H 1
| #define HAVE_SYS_PARAM_H 1
| #define TCL_CFGVAL_ENCODING "iso8859-1"
| /* end confdefs.h.  */
| #include <net/errno.h>
configure:5662: result: no
configure:5697: checking for net/errno.h
configure:5704: result: no
configure:5738: checking for connect
configure:5795: gcc -o conftest  -pipe   conftest.c  >&5
configure:5801: $? = 0
configure:5805: test -z 
			 || test ! -s conftest.err
configure:5808: $? = 0
configure:5811: test -s conftest
configure:5814: $? = 0
configure:5826: result: yes
configure:6101: checking for gethostbyname
configure:6158: gcc -o conftest  -pipe   conftest.c  >&5
configure:6164: $? = 0
configure:6168: test -z 
			 || test ! -s conftest.err
configure:6171: $? = 0
configure:6174: test -s conftest
configure:6177: $? = 0
configure:6189: result: yes
configure:6270: checking how to build libraries
configure:6288: result: shared
configure:6350: checking for ranlib
configure:6366: found /usr/bin/ranlib
configure:6377: result: ranlib
configure:6393: checking if 64bit support is requested
configure:6402: result: no
configure:6407: checking if 64bit Sparc VIS support is requested
configure:6416: result: no
configure:6427: checking if compiler supports visibility "hidden"
configure:6452: gcc -o conftest  -pipe -Werror   conftest.c  >&5
configure:6458: $? = 0
configure:6462: test -z 
			 || test ! -s conftest.err
configure:6465: $? = 0
configure:6468: test -s conftest
configure:6471: $? = 0
configure:6484: result: yes
configure:6499: checking if rpath support is requested
configure:6508: result: yes
configure:6515: checking system version
configure:6543: result: Linux-5.15.0-57-generic
configure:6551: checking for dlopen in -ldl
configure:6581: gcc -o conftest  -pipe   conftest.c -ldl   >&5
configure:6587: $? = 0
configure:6591: test -z 
			 || test ! -s conftest.err
configure:6594: $? = 0
configure:6597: test -s conftest
configure:6600: $? = 0
configure:6613: result: yes
configure:6654: checking for ar
configure:6670: found /usr/bin/ar
configure:6680: result: ar
configure:8963: checking for build with symbols
configure:8977: result: no
configure:9049: checking for required early compiler flags
configure:9072: gcc -c  -pipe  conftest.c >&5
configure:9078: $? = 0
configure:9082: test -z 
			 || test ! -s conftest.err
configure:9085: $? = 0
configure:9088: test -s conftest.o
configure:9091: $? = 0
configure:9177: gcc -c  -pipe  conftest.c >&5
conftest.c: In function 'main':
conftest.c:32:15: error: storage size of 'buf' isn't known
   32 | struct stat64 buf; int i = stat64("/", &buf);
      |               ^~~
conftest.c:32:28: warning: implicit declaration of function 'stat64'; did you mean 'stat'? [-Wimplicit-function-declaration]
   32 | struct stat64 buf; int i = stat64("/", &buf);
      |                            ^~~~~~
      |                            stat
configure:9183: $? = 1
configure: failed program was:
| /* confdefs.h.  */
| 
| #define PACKAGE_NAME "tcl"
| #define PACKAGE_TARNAME "tcl"
| #define PACKAGE_VERSION "8.5"
| #define PACKAGE_STRING "tcl 8.5"
| #define PACKAGE_BUGREPORT ""
| #define STDC_HEADERS 1
| #define HAVE_SYS_TYPES_H 1
| #define HAVE_SYS_STAT_H 1
| #define HAVE_STDLIB_H 1
| #define HAVE_STRING_H 1
| #define HAVE_MEMORY_H 1
| #define HAVE_STRINGS_H 1
| #define HAVE_INTTYPES_H 1
| #define HAVE_STDINT_H 1
| #define HAVE_UNISTD_H 1
| #define HAVE_LIMITS_H 1
| #define HAVE_SYS_PARAM_H 1
| #define TCL_CFGVAL_ENCODING "iso8859-1"
| #define MODULE_SCOPE extern __attribute__((__visibility__("hidden")))
| #define TCL_SHLIB_EXT ".so"
| #define TCL_CFG_OPTIMIZED 1
| #define TCL_CFG_DEBUG 1
| #define TCL_TOMMATH 1
| #define MP_PREC 4
| /* end confdefs.h.  */
| #include <sys/stat.h>
| int
| main ()
| {
| struct stat64 buf; int i = stat64("/", &buf);
|   ;
|   return 0;
| }
configure:9220: gcc -c  -pipe  conftest.c >&5
configure:9226: $? = 0
configure:9230: test -z 
			 || test ! -s conftest.err
configure:9233: $? = 0
configure:9236: test -s conftest.o
configure:9239: $? = 0
configure:9282: gcc -c  -pipe  conftest.c >&5
conftest.c: In function 'main':
conftest.c:33:19: error: 'open64' undeclared (first use in this function)
   33 | char *p = (char *)open64;
      |                   ^~~~~~
conftest.c:33:19: note: each undeclared identifier is reported only once for each function it appears in
configure:9288: $? = 1
configure: failed program was:
| /* confdefs.h.  */
| 
| #define PACKAGE_NAME "tcl"
| #define PACKAGE_TARNAME "tcl"
| #define PACKAGE_VERSION "8.5"
| #define PACKAGE_STRING "tcl 8.5"
| #define PACKAGE_BUGREPORT ""
| #define STDC_HEADERS 1
| #define HAVE_SYS_TYPES_H 1
| #define HAVE_SYS_STAT_H 1
| #define HAVE_STDLIB_H 1
| #define HAVE_STRING_H 1
| #define HAVE_MEMORY_H 1
| #define HAVE_STRINGS_H 1
| #define HAVE_INTTYPES_H 1
| #define HAVE_STDINT_H 1
| #define HAVE_UNISTD_H 1
| #define HAVE_LIMITS_H 1
| #define HAVE_SYS_PARAM_H 1
| #define TCL_CFGVAL_ENCODING "iso8859-1"
| #define MODULE_SCOPE extern __attribute__((__visibility__("hidden")))
| #define TCL_SHLIB_EXT ".so"
| #define TCL_CFG_OPTIMIZED 1
| #define TCL_CFG_DEBUG 1
| #define TCL_TOMMATH 1
| #define MP_PREC 4
| #define _LARGEFILE64_SOURCE 1
| /* end confdefs.h.  */
| #include <sys/stat.h>
| int
| main ()
| {
| char *p = (char *)open64;
|   ;
|   return 0;
| }
configure:9325: gcc -c  -pipe  conftest.c >&5
conftest.c: In function 'main':
conftest.c:34:19: error: 'open64' undeclared (first use in this function)
   34 | char *p = (char *)open64;
      |                   ^~~~~~
conftest.c:34:19: note: each undeclared identifier is reported only once for each function it appears in
configure:9331: $? = 1
configure: failed program was:
| /* confdefs.h.  */
| 
| #define PACKAGE_NAME "tcl"
| #define PACKAGE_TARNAME "tcl"
| #define PACKAGE_VERSION "8.5"
| #define PACKAGE_STRING "tcl 8.5"
| #define PACKAGE_BUGREPORT ""
| #define STDC_HEADERS 1
| #define HAVE_SYS_TYPES_H 1
| #define HAVE_SYS_STAT_H 1
| #define HAVE_STDLIB_H 1
| #define HAVE_STRING_H 1
| #define HAVE_MEMORY_H 1
| #define HAVE_STRINGS_H 1
| #define HAVE_INTTYPES_H 1
| #define HAVE_STDINT_H 1
| #define HAVE_UNISTD_H 1
| #define HAVE_LIMITS_H 1
| #define HAVE_SYS_PARAM_H 1
| #define TCL_CFGVAL_ENCODING "iso8859-1"
| #define MODULE_SCOPE extern __attribute__((__visibility__("hidden")))
| #define TCL_SHLIB_EXT ".so"
| #define TCL_CFG_OPTIMIZED 1
| #define TCL_CFG_DEBUG 1
| #define TCL_TOMMATH 1
| #define MP_PREC 4
| #define _LARGEFILE64_SOURCE 1
| /* end confdefs.h.  */
| #define _LARGEFILE_SOURCE64 1
| #include <sys/stat.h>
| int
| main ()
| {
| char *p = (char *)open64;
|   ;
|   return 0;
| }
configure:9371: result:  _LARGEFILE64_SOURCE
configure:9377: checking for 64-bit integer type
configure:9401: gcc -c  -pipe  conftest.c >&5
conftest.c: In function 'main':
conftest.c:33:1: error: unknown type name '__int64'
   33 | __int64 value = (__int64) 0;
      | ^~~~~~~
conftest.c:33:18: error: '__int64' undeclared (first use in this function)
   33 | __int64 value = (__int64) 0;
      |                  ^~~~~~~
conftest.c:33:18: note: each undeclared identifier is reported only once for each function it appears in
conftest.c:33:27: error: expected ',' or ';' before numeric constant
   33 | __int64 value = (__int64) 0;
      |                           ^
configure:9407: $? = 1
configure: failed program was:
| /* confdefs.h.  */
| 
| #define PACKAGE_NAME "tcl"
| #define PACKAGE_TARNAME "tcl"
| #define PACKAGE_VERSION "8.5"
| #define PACKAGE_STRING "tcl 8.5"
| #define PACKAGE_BUGREPORT ""
| #define STDC_HEADERS 1
| #define HAVE_SYS_TYPES_H 1
| #define HAVE_SYS_STAT_H 1
| #define HAVE_STDLIB_H 1
| #define HAVE_STRING_H 1
| #define HAVE_MEMORY_H 1
| #define HAVE_STRINGS_H 1
| #define HAVE_INTTYPES_H 1
| #define HAVE_STDINT_H 1
| #define HAVE_UNISTD_H 1
| #define HAVE_LIMITS_H 1
| #define HAVE_SYS_PARAM_H 1
| #define TCL_CFGVAL_ENCODING "iso8859-1"
| #define MODULE_SCOPE extern __attribute__((__visibility__("hidden")))
| #define TCL_SHLIB_EXT ".so"
| #define TCL_CFG_OPTIMIZED 1
| #define TCL_CFG_DEBUG 1
| #define TCL_TOMMATH 1
| #define MP_PREC 4
| #define _LARGEFILE64_SOURCE 1
| /* end confdefs.h.  */
| 
| int
| main ()
| {
| __int64 value = (__int64) 0;
|   ;
|   return 0;
| }
configure:9451: gcc -c  -pipe  conftest.c >&5
conftest.c: In function 'main':
conftest.c:34:21: error: duplicate case value
   34 |             case 1: case (sizeof(long long)==sizeof(long)): ;
      |                     ^~~~
conftest.c:34:13: note: previously used here
   34 |             case 1: case (sizeof(long long)==sizeof(long)): ;
      |             ^~~~
configure:9457: $? = 1
configure: failed program was:
| /* confdefs.h.  */
| 
| #define PACKAGE_NAME "tcl"
| #define PACKAGE_TARNAME "tcl"
| #define PACKAGE_VERSION "8.5"
| #define PACKAGE_STRING "tcl 8.5"
| #define PACKAGE_BUGREPORT ""
| #define STDC_HEADERS 1
| #define HAVE_SYS_TYPES_H 1
| #define HAVE_SYS_STAT_H 1
| #define HAVE_STDLIB_H 1
| #define HAVE_STRING_H 1
| #define HAVE_MEMORY_H 1
| #define HAVE_STRINGS_H 1
| #define HAVE_INTTYPES_H 1
| #define HAVE_STDINT_H 1
| #define HAVE_UNISTD_H 1
| #define HAVE_LIMITS_H 1
| #define HAVE_SYS_PARAM_H 1
| #define TCL_CFGVAL_ENCODING "iso8859-1"
| #define MODULE_SCOPE extern __attribute__((__visibility__("hidden")))
| #define TCL_SHLIB_EXT ".so"
| #define TCL_CFG_OPTIMIZED 1
| #define TCL_CFG_DEBUG 1
| #define TCL_TOMMATH 1
| #define MP_PREC 4
| #define _LARGEFILE64_SOURCE 1
| /* end confdefs.h.  */
| 
| int
| main ()
| {
| switch (0) {
|             case 1: case (sizeof(long long)==sizeof(long)): ;
|         }
|   ;
|   return 0;
| }
configure:9487: result: using long
configure:9804: checking whether byte ordering is bigendian
configure:9831: gcc -c  -pipe  conftest.c >&5
configure:9837: $? = 0
configure:9841: test -z 
			 || test ! -s conftest.err
configure:9844: $? = 0
configure:9847: test -s conftest.o
configure:9850: $? = 0
configure:9874: gcc -c  -pipe  conftest.c >&5
conftest.c: In function 'main':
conftest.c:37:2: error: unknown type name 'not'; did you mean 'ino_t'?
   37 |  not big endian
      |  ^~~
      |  ino_t
conftest.c:37:10: error: expected '=', ',', ';', 'asm' or '__attribute__' before 'endian'
   37 |  not big endian
      |          ^~~~~~
configure:9880: $? = 1
configure: failed program was:
| /* confdefs.h.  */
| 
| #define PACKAGE_NAME "tcl"
| #define PACKAGE_TARNAME "tcl"
| #define PACKAGE_VERSION "8.5"
| #define PACKAGE_STRING "tcl 8.5"
| #define PACKAGE_BUGREPORT ""
| #define STDC_HEADERS 1
| #define HAVE_SYS_TYPES_H 1
| #define HAVE_SYS_STAT_H 1
| #define HAVE_STDLIB_H 1
| #define HAVE_STRING_H 1
| #define HAVE_MEMORY_H 1
| #define HAVE_STRINGS_H 1
| #define HAVE_INTTYPES_H 1
| #define HAVE_STDINT_H 1
| #define HAVE_UNISTD_H 1
| #define HAVE_LIMITS_H 1
| #define HAVE_SYS_PARAM_H 1
| #define TCL_CFGVAL_ENCODING "iso8859-1"
| #define MODULE_SCOPE extern __attribute__((__visibility__("hidden")))
| #define TCL_SHLIB_EXT ".so"
| #define TCL_CFG_OPTIMIZED 1
| #define TCL_CFG_DEBUG 1
| #define TCL_TOMMATH 1
| #define MP_PREC 4
| #define _LARGEFILE64_SOURCE 1
| #define TCL_WIDE_INT_IS_LONG 1
| /* end confdefs.h.  */
| #include <sys/types.h>
| #include <sys/param.h>
| 
| int
| main ()
| {
| #if BYTE_ORDER != BIG_ENDIAN
|  not big endian
| #endif
| 
|   ;
|   return 0;
| }
configure:10015: result: no
configure:10045: checking for getcwd
configure:10102: gcc -o conftest  -pipe   -Wl,--export-dynamic  conftest.c  >&5
configure:10108: $? = 0
configure:10112: test -z 
			 || test ! -s conftest.err
configure:10115: $? = 0
configure:10118: test -s conftest
configure:10121: $? = 0
configure:10133: result: yes
configure:10158: checking for opendir
configure:10215: gcc -o conftest  -pipe   -Wl,--export-dynamic  conftest.c  >&5
configure:10221: $? = 0
configure:10225: test -z 
			 || test ! -s conftest.err
configure:10228: $? = 0
configure:10231: test -s conftest
configure:10234: $? = 0
configure:10246: result: yes
configure:10158: checking for strtol
configure:10215: gcc -o conftest  -pipe   -Wl,--export-dynamic  conftest.c  >&5
configure:10221: $? = 0
configure:10225: test -z 
			 || test ! -s conftest.err
configure:10228: $? = 0
configure:10231: test -s conftest
configure:10234: $? = 0
configure:10246: result: yes
configure:10158: checking for waitpid
configure:10215: gcc -o conftest  -pipe   -Wl,--export-dynamic  conftest.c  >&5
configure:10221: $? = 0
configure:10225: test -z 
			 || test ! -s conftest.err
configure:10228: $? = 0
configure:10231: test -s conftest
configure:10234: $? = 0
configure:10246: result: yes
configure:10266: checking for strerror
configure:10323: gcc -o conftest  -pipe   -Wl,--export-dynamic  conftest.c  >&5
configure:10329: $? = 0
configure:10333: test -z 
			 || test ! -s conftest.err
configure:10336: $? = 0
configure:10339: test -s conftest
configure:10342: $? = 0
configure:10354: result: yes
configure:10366: checking for getwd
configure:10423: gcc -o conftest  -pipe   -Wl,--export-dynamic  conftest.c  >&5
/usr/bin/ld: /tmp/ccGKLM1g.o: in function `main':
conftest.c:(.text+0x12): warning: the `getwd' function is dangerous and should not be used.
configure:10429: $? = 0
configure:10433: test -z 
			 || test ! -s conftest.err
configure:10436: $? = 0
configure:10439: test -s conftest
configure:10442: $? = 0
configure:10454: result: yes
configure:10466: checking for wait3
configure:10523: gcc -o conftest  -pipe   -Wl,--export-dynamic  conftest.c  >&5
configure:10529: $? = 0
configure:10533: test -z 
			 || test ! -s conftest.err
configure:10536: $? = 0
configure:10539: test -s conftest
configure:10542: $? = 0
configure:10554: result: yes
configure:10566: checking for uname
configure:10623: gcc -o conftest  -pipe   -Wl,--export-dynamic  conftest.c  >&5
configure:10629: $? = 0
configure:10633: test -z 
			 || test ! -s conftest.err
configure:10636: $? = 0
configure:10639: test -s conftest
configure:10642: $? = 0
configure:10654: result: yes
configure:10673: checking for realpath
configure:10730: gcc -o conftest  -pipe   -Wl,--export-dynamic  conftest.c  >&5
configure:10736: $? = 0
configure:10740: test -z 
			 || test ! -s conftest.err
configure:10743: $? = 0
configure:10746: test -s conftest
configure:10749: $? = 0
configure:10761: result: yes
configure:10774: checking for getaddrinfo
configure:10831: gcc -o conftest  -pipe   -Wl,--export-dynamic  conftest.c  >&5
configure:10837: $? = 0
configure:10841: test -z 
			 || test ! -s conftest.err
configure:10844: $? = 0
configure:10847: test -s conftest
configure:10850: $? = 0
configure:10862: result: yes
configure:10866: checking for working getaddrinfo
configure:10895: gcc -c  -pipe  conftest.c >&5
configure:10901: $? = 0
configure:10905: test -z 
			 || test ! -s conftest.err
configure:10908: $? = 0
configure:10911: test -s conftest.o
configure:10914: $? = 0
configure:10925: result: yes
configure:12560: checking sys/modem.h usability
configure:12572: gcc -c  -pipe  conftest.c >&5
conftest.c:69:10: fatal error: sys/modem.h: No such file or directory
   69 | #include <sys/modem.h>
      |          ^~~~~~~~~~~~~
compilation terminated.
configure:12578: $? = 1
configure: failed program was:
| /* confdefs.h.  */
| 
| #define PACKAGE_NAME "tcl"
| #define PACKAGE_TARNAME "tcl"
| #define PACKAGE_VERSION "8.5"
| #define PACKAGE_STRING "tcl 8.5"
| #define PACKAGE_BUGREPORT ""
| #define STDC_HEADERS 1
| #define HAVE_SYS_TYPES_H 1
| #define HAVE_SYS_STAT_H 1
| #define HAVE_STDLIB_H 1
| #define HAVE_STRING_H 1
| #define HAVE_MEMORY_H 1
| #define HAVE_STRINGS_H 1
| #define HAVE_INTTYPES_H 1
| #define HAVE_STDINT_H 1
| #define HAVE_UNISTD_H 1
| #define HAVE_LIMITS_H 1
| #define HAVE_SYS_PARAM_H 1
| #define TCL_CFGVAL_ENCODING "iso8859-1"
| #define MODULE_SCOPE extern __attribute__((__visibility__("hidden")))
| #define TCL_SHLIB_EXT ".so"
| #define TCL_CFG_OPTIMIZED 1
| #define TCL_CFG_DEBUG 1
| #define TCL_TOMMATH 1
| #define MP_PREC 4
| #define _LARGEFILE64_SOURCE 1
| #define TCL_WIDE_INT_IS_LONG 1
| #define HAVE_GETCWD 1
| #define HAVE_OPENDIR 1
| #define HAVE_STRTOL 1
| #define HAVE_WAITPID 1
| #define HAVE_GETADDRINFO 1
| /* end confdefs.h.  */
| #include <stdio.h>
| #if HAVE_SYS_TYPES_H
| # include <sys/types.h>
| #endif
| #if HAVE_SYS_STAT_H
| # include <sys/stat.h>
| #endif
| #if STDC_HEADERS
| # include <stdlib.h>
| # include <stddef.h>
| #else
| # if HAVE_STDLIB_H
| #  include <stdlib.h>
| # endif
| #endif
| #if HAVE_STRING_H
| # if !STDC_HEADERS && HAVE_MEMORY_H
| #  include <memory.h>
| # endif
| # include <string.h>
| #endif
| #if HAVE_STRINGS_H
| # include <strings.h>
| #endif
| #if HAVE_INTTYPES_H
| # include <inttypes.h>
| #else
| # if HAVE_STDINT_H
| #  include <stdint.h>
| # endif
| #endif
| #if HAVE_UNISTD_H
| # include <unistd.h>
| #endif
| #include <sys/modem.h>
configure:12601: result: no
configure:12605: checking sys/modem.h presence
configure:12615: gcc -E  conftest.c
conftest.c:35:10: fatal error: sys/modem.h: No such file or directory
   35 | #include <sys/modem.h>
      |          ^~~~~~~~~~~~~
compilation terminated.
configure:12621: $? = 1
configure: failed program was:
| /* confdefs.h.  */
| 
| #define PACKAGE_NAME "tcl"
| #define PACKAGE_TARNAME "tcl"
| #define PACKAGE_VERSION "8.5"
| #define PACKAGE_STRING "tcl 8.5"
| #define PACKAGE_BUGREPORT ""
| #define STDC_HEADERS 1
| #define HAVE_SYS_TYPES_H 1
| #define HAVE_SYS_STAT_H 1
| #define HAVE_STDLIB_H 1
| #define HAVE_STRING_H 1
| #define HAVE_MEMORY_H 1
| #define HAVE_STRINGS_H 1
| #define HAVE_INTTYPES_H 1
| #define HAVE_STDINT_H 1
| #define HAVE_UNISTD_H 1
| #define HAVE_LIMITS_H 1
| #define HAVE_SYS_PARAM_H 1
| #define TCL_CFGVAL_ENCODING "iso8859-1"
| #define MODULE_SCOPE extern __attribute__((__visibility__("hidden")))
| #define TCL_SHLIB_EXT ".so"
| #define TCL_CFG_OPTIMIZED 1
| #define TCL_CFG_DEBUG 1
| #define TCL_TOMMATH 1
| #define MP_PREC 4
| #define _LARGEFILE64_SOURCE 1
| #define TCL_WIDE_INT_IS_LONG 1
| #define HAVE_GETCWD 1
| #define HAVE_OPENDIR 1
| #define HAVE_STRTOL 1
| #define HAVE_WAITPID 1
| #define HAVE_GETADDRINFO 1
| /* end confdefs.h.  */
| #include <sys/modem.h>
configure:12641: result: no
configure:12676: checking for sys/modem.h
configure:12683: result: no
configure:12696: checking termios vs. termio vs. sgtty
configure:12725: gcc -o conftest  -pipe   -Wl,--export-dynamic  conftest.c  >&5
configure:12728: $? = 0
configure:12730: ./conftest
configure:12733: $? = 0
configure:12981: result: termios
configure:13012: checking for fd_set in sys/types
configure:13034: gcc -c  -pipe  conftest.c >&5
configure:13040: $? = 0
configure:13044: test -z 
			 || test ! -s conftest.err
configure:13047: $? = 0
configure:13050: test -s conftest.o
configure:13053: $? = 0
configure:13064: result: yes
configure:13130: checking sys/time.h usability
configure:13142: gcc -c  -pipe  conftest.c >&5
configure:13148: $? = 0
configure:13152: test -z 
			 || test ! -s conftest.err
configure:13155: $? = 0
configure:13158: test -s conftest.o
configure:13161: $? = 0
configure:13171: result: yes
configure:13175: checking sys/time.h presence
configure:13185: gcc -E  conftest.c
configure:13191: $? = 0
configure:13211: result: yes
configure:13246: checking for sys/time.h
configure:13253: result: yes
configure:13266: checking whether time.h and sys/time.h may both be included
configure:13291: gcc -c  -pipe  conftest.c >&5
configure:13297: $? = 0
configure:13301: test -z 
			 || test ! -s conftest.err
configure:13304: $? = 0
configure:13307: test -s conftest.o
configure:13310: $? = 0
configure:13321: result: yes
configure:13338: checking for gmtime_r
configure:13395: gcc -o conftest  -pipe   -Wl,--export-dynamic  conftest.c  >&5
configure:13401: $? = 0
configure:13405: test -z 
			 || test ! -s conftest.err
configure:13408: $? = 0
configure:13411: test -s conftest
configure:13414: $? = 0
configure:13426: result: yes
configure:13338: checking for localtime_r
configure:13395: gcc -o conftest  -pipe   -Wl,--export-dynamic  conftest.c  >&5
configure:13401: $? = 0
configure:13405: test -z 
			 || test ! -s conftest.err
configure:13408: $? = 0
configure:13411: test -s conftest
configure:13414: $? = 0
configure:13426: result: yes
configure:13338: checking for mktime
configure:13395: gcc -o conftest  -pipe   -Wl,--export-dynamic  conftest.c  >&5
configure:13401: $? = 0
configure:13405: test -z 
			 || test ! -s conftest.err
configure:13408: $? = 0
configure:13411: test -s conftest
configure:13414: $? = 0
configure:13426: result: yes
configure:13437: checking tm_tzadj in struct tm
configure:13459: gcc -c  -pipe  conftest.c >&5
conftest.c: In function 'main':
conftest.c:45:17: error: 'struct tm' has no member named 'tm_tzadj'
   45 | struct tm tm; tm.tm_tzadj;
      |                 ^
configure:13465: $? = 1
configure: failed program was:
| /* confdefs.h.  */
| 
| #define PACKAGE_NAME "tcl"
| #define PACKAGE_TARNAME "tcl"
| #define PACKAGE_VERSION "8.5"
| #define PACKAGE_STRING "tcl 8.5"
| #define PACKAGE_BUGREPORT ""
| #define STDC_HEADERS 1
| #define HAVE_SYS_TYPES_H 1
| #define HAVE_SYS_STAT_H 1
| #define HAVE_STDLIB_H 1
| #define HAVE_STRING_H 1
| #define HAVE_MEMORY_H 1
| #define HAVE_STRINGS_H 1
| #define HAVE_INTTYPES_H 1
| #define HAVE_STDINT_H 1
| #define HAVE_UNISTD_H 1
| #define HAVE_LIMITS_H 1
| #define HAVE_SYS_PARAM_H 1
| #define TCL_CFGVAL_ENCODING "iso8859-1"
| #define MODULE_SCOPE extern __attribute__((__visibility__("hidden")))
| #define TCL_SHLIB_EXT ".so"
| #define TCL_CFG_OPTIMIZED 1
| #define TCL_CFG_DEBUG 1
| #define TCL_TOMMATH 1
| #define MP_PREC 4
| #define _LARGEFILE64_SOURCE 1
| #define TCL_WIDE_INT_IS_LONG 1
| #define HAVE_GETCWD 1
| #define HAVE_OPENDIR 1
| #define HAVE_STRTOL 1
| #define HAVE_WAITPID 1
| #define HAVE_GETADDRINFO 1
| #define USE_TERMIOS 1
| #define HAVE_SYS_TIME_H 1
| #define TIME_WITH_SYS_TIME 1
| #define HAVE_GMTIME_R 1
| #define HAVE_LOCALTIME_R 1
| #define HAVE_MKTIME 1
| /* end confdefs.h.  */
| #include <time.h>
| int
| main ()
| {
| struct tm tm; tm.tm_tzadj;
|   ;
|   return 0;
| }
configure:13489: result: no
configure:13499: checking tm_gmtoff in struct tm
configure:13521: gcc -c  -pipe  conftest.c >&5
configure:13527: $? = 0
configure:13531: test -z 
			 || test ! -s conftest.err
configure:13534: $? = 0
configure:13537: test -s conftest.o
configure:13540: $? = 0
configure:13551: result: yes
configure:13565: checking long timezone variable
configure:13589: gcc -c  -pipe  conftest.c >&5
conftest.c: In function 'main':
conftest.c:48:13: warning: implicit declaration of function 'exit' [-Wimplicit-function-declaration]
   48 |             exit (0);
      |             ^~~~
conftest.c:43:1: note: include '<stdlib.h>' or provide a declaration of 'exit'
   42 | #include <time.h>
   43 | int
conftest.c:48:13: warning: incompatible implicit declaration of built-in function 'exit' [-Wbuiltin-declaration-mismatch]
   48 |             exit (0);
      |             ^~~~
conftest.c:48:13: note: include '<stdlib.h>' or provide a declaration of 'exit'
configure:13595: $? = 0
configure:13599: test -z 
			 || test ! -s conftest.err
configure:13602: $? = 0
configure:13605: test -s conftest.o
configure:13608: $? = 0
configure:13619: result: yes
configure:13703: checking for struct stat.st_blocks
configure:13726: gcc -c  -pipe  conftest.c >&5
configure:13732: $? = 0
configure:13736: test -z 
			 || test ! -s conftest.err
configure:13739: $? = 0
configure:13742: test -s conftest.o
configure:13745: $? = 0
configure:13802: result: yes
configure:13812: checking for struct stat.st_blksize
configure:13835: gcc -c  -pipe  conftest.c >&5
configure:13841: $? = 0
configure:13845: test -z 
			 || test ! -s conftest.err
configure:13848: $? = 0
configure:13851: test -s conftest.o
configure:13854: $? = 0
configure:13911: result: yes
configure:13922: checking for blkcnt_t
configure:13946: gcc -c  -pipe  conftest.c >&5
configure:13952: $? = 0
configure:13956: test -z 
			 || test ! -s conftest.err
configure:13959: $? = 0
configure:13962: test -s conftest.o
configure:13965: $? = 0
configure:13976: result: yes
configure:13987: checking for fstatfs
configure:14044: gcc -o conftest  -pipe   -Wl,--export-dynamic  conftest.c  >&5
configure:14050: $? = 0
configure:14054: test -z 
			 || test ! -s conftest.err
configure:14057: $? = 0
configure:14060: test -s conftest
configure:14063: $? = 0
configure:14075: result: yes
configure:14093: checking for working memcmp
configure:14141: gcc -o conftest  -pipe   -Wl,--export-dynamic  conftest.c  >&5
configure:14144: $? = 0
configure:14146: ./conftest
configure:14149: $? = 0
configure:14163: result: yes
configure:14181: checking for memmove
configure:14238: gcc -o conftest  -pipe   -Wl,--export-dynamic  conftest.c  >&5
conftest.c:70:6: warning: conflicting types for built-in function 'memmove'; expected 'void *(void *, const void *, long unsigned int)' [-Wbuiltin-declaration-mismatch]
   70 | char memmove ();
      |      ^~~~~~~
conftest.c:57:1: note: 'memmove' is declared in header '<string.h>'
   56 | # include <limits.h>
   57 | #else
configure:14244: $? = 0
configure:14248: test -z 
			 || test ! -s conftest.err
configure:14251: $? = 0
configure:14254: test -s conftest
configure:14257: $? = 0
configure:14269: result: yes
configure:14294: checking for strstr
configure:14351: gcc -o conftest  -pipe   -Wl,--export-dynamic  conftest.c  >&5
conftest.c:70:6: warning: conflicting types for built-in function 'strstr'; expected 'char *(const char *, const char *)' [-Wbuiltin-declaration-mismatch]
   70 | char strstr ();
      |      ^~~~~~
conftest.c:57:1: note: 'strstr' is declared in header '<string.h>'
   56 | # include <limits.h>
   57 | #else
configure:14357: $? = 0
configure:14361: test -z 
			 || test ! -s conftest.err
configure:14364: $? = 0
configure:14367: test -s conftest
configure:14370: $? = 0
configure:14382: result: yes
configure:14391: checking proper strstr implementation
configure:14411: gcc -o conftest  -pipe   -Wl,--export-dynamic  conftest.c  >&5
conftest.c: In function 'main':
conftest.c:47:16: warning: conflicting types for built-in function 'strstr'; expected 'char *(const char *, const char *)' [-Wbuiltin-declaration-mismatch]
   47 |     extern int strstr();
      |                ^~~~~~
conftest.c:1:1: note: 'strstr' is declared in header '<string.h>'
  +++ |+#include <string.h>
    1 | /* confdefs.h.  */
conftest.c:48:5: warning: implicit declaration of function 'exit' [-Wimplicit-function-declaration]
   48 |     exit(strstr("\0test", "test") ? 1 : 0);
      |     ^~~~
conftest.c:1:1: note: include '<stdlib.h>' or provide a declaration of 'exit'
  +++ |+#include <stdlib.h>
    1 | /* confdefs.h.  */
conftest.c:48:5: warning: incompatible implicit declaration of built-in function 'exit' [-Wbuiltin-declaration-mismatch]
   48 |     exit(strstr("\0test", "test") ? 1 : 0);
      |     ^~~~
conftest.c:48:5: note: include '<stdlib.h>' or provide a declaration of 'exit'
configure:14414: $? = 0
configure:14416: ./conftest
configure:14419: $? = 0
configure:14433: result: ok
configure:14461: checking for strtoul
configure:14518: gcc -o conftest  -pipe   -Wl,--export-dynamic  conftest.c  >&5
configure:14524: $? = 0
configure:14528: test -z 
			 || test ! -s conftest.err
configure:14531: $? = 0
configure:14534: test -s conftest
configure:14537: $? = 0
configure:14549: result: yes
configure:14558: checking proper strtoul implementation
configure:14579: gcc -o conftest  -pipe   -Wl,--export-dynamic  conftest.c  >&5
conftest.c: In function 'main':
conftest.c:49:5: warning: implicit declaration of function 'exit' [-Wimplicit-function-declaration]
   49 |     exit(strtoul(string,&term,0) != 0 || term != string+1);
      |     ^~~~
conftest.c:1:1: note: include '<stdlib.h>' or provide a declaration of 'exit'
  +++ |+#include <stdlib.h>
    1 | /* confdefs.h.  */
conftest.c:49:5: warning: incompatible implicit declaration of built-in function 'exit' [-Wbuiltin-declaration-mismatch]
   49 |     exit(strtoul(string,&term,0) != 0 || term != string+1);
      |     ^~~~
conftest.c:49:5: note: include '<stdlib.h>' or provide a declaration of 'exit'
configure:14582: $? = 0
configure:14584: ./conftest
configure:14587: $? = 0
configure:14601: result: ok
configure:14628: checking for strtod
configure:14685: gcc -o conftest  -pipe   -Wl,--export-dynamic  conftest.c  >&5
configure:14691: $? = 0
configure:14695: test -z 
			 || test ! -s conftest.err
configure:14698: $? = 0
configure:14701: test -s conftest
configure:14704: $? = 0
configure:14716: result: yes
configure:14725: checking proper strtod implementation
configure:14746: gcc -o conftest  -pipe   -Wl,--export-dynamic  conftest.c  >&5
conftest.c: In function 'main':
conftest.c:49:5: warning: implicit declaration of function 'exit' [-Wimplicit-function-declaration]
   49 |     exit(strtod(string,&term) != 69 || term != string+4);
      |     ^~~~
conftest.c:1:1: note: include '<stdlib.h>' or provide a declaration of 'exit'
  +++ |+#include <stdlib.h>
    1 | /* confdefs.h.  */
conftest.c:49:5: warning: incompatible implicit declaration of built-in function 'exit' [-Wbuiltin-declaration-mismatch]
   49 |     exit(strtod(string,&term) != 69 || term != string+4);
      |     ^~~~
conftest.c:49:5: note: include '<stdlib.h>' or provide a declaration of 'exit'
configure:14749: $? = 0
configure:14751: ./conftest
configure:14754: $? = 0
configure:14768: result: ok
configure:14797: checking for strtod
configure:14885: result: yes
configure:14894: checking for Solaris2.4/Tru64 strtod bugs
configure:14931: gcc -o conftest  -pipe   -Wl,--export-dynamic  conftest.c  >&5
conftest.c: In function 'main':
conftest.c:54:25: warning: implicit declaration of function 'exit' [-Wimplicit-function-declaration]
   54 |                         exit(1);
      |                         ^~~~
conftest.c:1:1: note: include '<stdlib.h>' or provide a declaration of 'exit'
  +++ |+#include <stdlib.h>
    1 | /* confdefs.h.  */
conftest.c:54:25: warning: incompatible implicit declaration of built-in function 'exit' [-Wbuiltin-declaration-mismatch]
   54 |                         exit(1);
      |                         ^~~~
conftest.c:54:25: note: include '<stdlib.h>' or provide a declaration of 'exit'
conftest.c:58:25: warning: incompatible implicit declaration of built-in function 'exit' [-Wbuiltin-declaration-mismatch]
   58 |                         exit(1);
      |                         ^~~~
conftest.c:58:25: note: include '<stdlib.h>' or provide a declaration of 'exit'
conftest.c:62:25: warning: incompatible implicit declaration of built-in function 'exit' [-Wbuiltin-declaration-mismatch]
   62 |                         exit(1);
      |                         ^~~~
conftest.c:62:25: note: include '<stdlib.h>' or provide a declaration of 'exit'
conftest.c:64:21: warning: incompatible implicit declaration of built-in function 'exit' [-Wbuiltin-declaration-mismatch]
   64 |                     exit(0);
      |                     ^~~~
conftest.c:64:21: note: include '<stdlib.h>' or provide a declaration of 'exit'
configure:14934: $? = 0
configure:14936: ./conftest
configure:14939: $? = 0
configure:14953: result: ok
configure:14979: checking for mode_t
configure:15003: gcc -c  -pipe  conftest.c >&5
configure:15009: $? = 0
configure:15013: test -z 
			 || test ! -s conftest.err
configure:15016: $? = 0
configure:15019: test -s conftest.o
configure:15022: $? = 0
configure:15033: result: yes
configure:15045: checking for pid_t
configure:15069: gcc -c  -pipe  conftest.c >&5
configure:15075: $? = 0
configure:15079: test -z 
			 || test ! -s conftest.err
configure:15082: $? = 0
configure:15085: test -s conftest.o
configure:15088: $? = 0
configure:15099: result: yes
configure:15111: checking for size_t
configure:15135: gcc -c  -pipe  conftest.c >&5
configure:15141: $? = 0
configure:15145: test -z 
			 || test ! -s conftest.err
configure:15148: $? = 0
configure:15151: test -s conftest.o
configure:15154: $? = 0
configure:15165: result: yes
configure:15177: checking for uid_t in sys/types.h
configure:15200: result: yes
configure:15216: checking for socklen_t
configure:15243: gcc -c  -pipe  conftest.c >&5
configure:15249: $? = 0
configure:15253: test -z 
			 || test ! -s conftest.err
configure:15256: $? = 0
configure:15259: test -s conftest.o
configure:15262: $? = 0
configure:15273: result: yes
configure:15283: checking for intptr_t
configure:15307: gcc -c  -pipe  conftest.c >&5
configure:15313: $? = 0
configure:15317: test -z 
			 || test ! -s conftest.err
configure:15320: $? = 0
configure:15323: test -s conftest.o
configure:15326: $? = 0
configure:15337: result: yes
configure:15418: checking for uintptr_t
configure:15442: gcc -c  -pipe  conftest.c >&5
configure:15448: $? = 0
configure:15452: test -z 
			 || test ! -s conftest.err
configure:15455: $? = 0
configure:15458: test -s conftest.o
configure:15461: $? = 0
configure:15472: result: yes
configure:15562: checking for opendir
configure:15650: result: yes
configure:15671: checking union wait
configure:15698: gcc -o conftest  -pipe   -Wl,--export-dynamic  conftest.c  >&5
conftest.c: In function 'main':
conftest.c:54:12: error: storage size of 'x' isn't known
   54 | union wait x;
      |            ^
configure:15704: $? = 1
configure: failed program was:
| /* confdefs.h.  */
| 
| #define PACKAGE_NAME "tcl"
| #define PACKAGE_TARNAME "tcl"
| #define PACKAGE_VERSION "8.5"
| #define PACKAGE_STRING "tcl 8.5"
| #define PACKAGE_BUGREPORT ""
| #define STDC_HEADERS 1
| #define HAVE_SYS_TYPES_H 1
| #define HAVE_SYS_STAT_H 1
| #define HAVE_STDLIB_H 1
| #define HAVE_STRING_H 1
| #define HAVE_MEMORY_H 1
| #define HAVE_STRINGS_H 1
| #define HAVE_INTTYPES_H 1
| #define HAVE_STDINT_H 1
| #define HAVE_UNISTD_H 1
| #define HAVE_LIMITS_H 1
| #define HAVE_SYS_PARAM_H 1
| #define TCL_CFGVAL_ENCODING "iso8859-1"
| #define MODULE_SCOPE extern __attribute__((__visibility__("hidden")))
| #define TCL_SHLIB_EXT ".so"
| #define TCL_CFG_OPTIMIZED 1
| #define TCL_CFG_DEBUG 1
| #define TCL_TOMMATH 1
| #define MP_PREC 4
| #define _LARGEFILE64_SOURCE 1
| #define TCL_WIDE_INT_IS_LONG 1
| #define HAVE_GETCWD 1
| #define HAVE_OPENDIR 1
| #define HAVE_STRTOL 1
| #define HAVE_WAITPID 1
| #define HAVE_GETADDRINFO 1
| #define USE_TERMIOS 1
| #define HAVE_SYS_TIME_H 1
| #define TIME_WITH_SYS_TIME 1
| #define HAVE_GMTIME_R 1
| #define HAVE_LOCALTIME_R 1
| #define HAVE_MKTIME 1
| #define HAVE_TM_GMTOFF 1
| #define HAVE_TIMEZONE_VAR 1
| #define HAVE_STRUCT_STAT_ST_BLOCKS 1
| #define HAVE_STRUCT_STAT_ST_BLKSIZE 1
| #define HAVE_BLKCNT_T 1
| #define HAVE_INTPTR_T 1
| #define HAVE_UINTPTR_T 1
| /* end confdefs.h.  */
| #include <sys/types.h>
| #include <sys/wait.h>
| int
| main ()
| {
| 
| union wait x;
| WIFEXITED(x);		/* Generates compiler error if WIFEXITED
| 			 * uses an int. */
| 
|   ;
|   return 0;
| }
configure:15729: result: no
configure:15745: checking for strncasecmp
configure:15802: gcc -o conftest  -pipe   -Wl,--export-dynamic  conftest.c  >&5
conftest.c:73:6: warning: conflicting types for built-in function 'strncasecmp'; expected 'int(const char *, const char *, long unsigned int)' [-Wbuiltin-declaration-mismatch]
   73 | char strncasecmp ();
      |      ^~~~~~~~~~~
configure:15808: $? = 0
configure:15812: test -z 
			 || test ! -s conftest.err
configure:15815: $? = 0
configure:15818: test -s conftest
configure:15821: $? = 0
configure:15833: result: yes
configure:16008: checking for BSDgettimeofday
configure:16065: gcc -o conftest  -pipe   -Wl,--export-dynamic  conftest.c  >&5
/usr/bin/ld: /tmp/cccAPmHZ.o: in function `main':
conftest.c:(.text+0x12): undefined reference to `BSDgettimeofday'
/usr/bin/ld: /tmp/cccAPmHZ.o:(.data.rel+0x0): undefined reference to `BSDgettimeofday'
collect2: error: ld returned 1 exit status
configure:16071: $? = 1
configure: failed program was:
| /* confdefs.h.  */
| 
| #define PACKAGE_NAME "tcl"
| #define PACKAGE_TARNAME "tcl"
| #define PACKAGE_VERSION "8.5"
| #define PACKAGE_STRING "tcl 8.5"
| #define PACKAGE_BUGREPORT ""
| #define STDC_HEADERS 1
| #define HAVE_SYS_TYPES_H 1
| #define HAVE_SYS_STAT_H 1
| #define HAVE_STDLIB_H 1
| #define HAVE_STRING_H 1
| #define HAVE_MEMORY_H 1
| #define HAVE_STRINGS_H 1
| #define HAVE_INTTYPES_H 1
| #define HAVE_STDINT_H 1
| #define HAVE_UNISTD_H 1
| #define HAVE_LIMITS_H 1
| #define HAVE_SYS_PARAM_H 1
| #define TCL_CFGVAL_ENCODING "iso8859-1"
| #define MODULE_SCOPE extern __attribute__((__visibility__("hidden")))
| #define TCL_SHLIB_EXT ".so"
| #define TCL_CFG_OPTIMIZED 1
| #define TCL_CFG_DEBUG 1
| #define TCL_TOMMATH 1
| #define MP_PREC 4
| #define _LARGEFILE64_SOURCE 1
| #define TCL_WIDE_INT_IS_LONG 1
| #define HAVE_GETCWD 1
| #define HAVE_OPENDIR 1
| #define HAVE_STRTOL 1
| #define HAVE_WAITPID 1
| #define HAVE_GETADDRINFO 1
| #define USE_TERMIOS 1
| #define HAVE_SYS_TIME_H 1
| #define TIME_WITH_SYS_TIME 1
| #define HAVE_GMTIME_R 1
| #define HAVE_LOCALTIME_R 1
| #define HAVE_MKTIME 1
| #define HAVE_TM_GMTOFF 1
| #define HAVE_TIMEZONE_VAR 1
| #define HAVE_STRUCT_STAT_ST_BLOCKS 1
| #define HAVE_STRUCT_STAT_ST_BLKSIZE 1
| #define HAVE_BLKCNT_T 1
| #define HAVE_INTPTR_T 1
| #define HAVE_UINTPTR_T 1
| #define NO_UNION_WAIT 1
| /* end confdefs.h.  */
| /* Define BSDgettimeofday to an innocuous variant, in case <limits.h> declares BSDgettimeofday.
|    For example, HP-UX 11i <limits.h> declares gettimeofday.  */
| #define BSDgettimeofday innocuous_BSDgettimeofday
| 
| /* System header to define __stub macros and hopefully few prototypes,
|     which can conflict with char BSDgettimeofday (); below.
|     Prefer <limits.h> to <assert.h> if __STDC__ is defined, since
|     <limits.h> exists even on freestanding compilers.  */
| 
| #ifdef __STDC__
| # include <limits.h>
| #else
| # include <assert.h>
| #endif
| 
| #undef BSDgettimeofday
| 
| /* Override any gcc2 internal prototype to avoid an error.  */
| #ifdef __cplusplus
| extern "C"
| {
| #endif
| /* We use char because int might match the return type of a gcc2
|    builtin and then its argument prototype would still apply.  */
| char BSDgettimeofday ();
| /* The GNU C library defines this for functions which it implements
|     to always fail with ENOSYS.  Some functions are actually named
|     something starting with __ and the normal name is an alias.  */
| #if defined (__stub_BSDgettimeofday) || defined (__stub___BSDgettimeofday)
| choke me
| #else
| char (*f) () = BSDgettimeofday;
| #endif
| #ifdef __cplusplus
| }
| #endif
| 
| int
| main ()
| {
| return f != BSDgettimeofday;
|   ;
|   return 0;
| }
configure:16096: result: no
configure:16106: checking for gettimeofday
configure:16163: gcc -o conftest  -pipe   -Wl,--export-dynamic  conftest.c  >&5
configure:16169: $? = 0
configure:16173: test -z 
			 || test ! -s conftest.err
configure:16176: $? = 0
configure:16179: test -s conftest
configure:16182: $? = 0
configure:16194: result: yes
configure:16209: checking for gettimeofday declaration
configure:16233: result: present
configure:16250: checking whether char is unsigned
configure:16273: gcc -c  -pipe  conftest.c >&5
configure:16279: $? = 0
configure:16283: test -z 
			 || test ! -s conftest.err
configure:16286: $? = 0
configure:16289: test -s conftest.o
configure:16292: $? = 0
configure:16303: result: no
configure:16312: checking signed char declarations
configure:16337: gcc -c  -pipe  conftest.c >&5
configure:16343: $? = 0
configure:16347: test -z 
			 || test ! -s conftest.err
configure:16350: $? = 0
configure:16353: test -s conftest.o
configure:16356: $? = 0
configure:16367: result: yes
configure:16381: checking for a putenv() that copies the buffer
configure:16417: gcc -o conftest  -pipe   -Wl,--export-dynamic  conftest.c  >&5
conftest.c: In function 'main':
conftest.c:56:27: warning: implicit declaration of function 'strdup' [-Wimplicit-function-declaration]
   56 |             foo = (char *)strdup(OURVAR);
      |                           ^~~~~~
conftest.c:56:27: warning: incompatible implicit declaration of built-in function 'strdup' [-Wbuiltin-declaration-mismatch]
conftest.c:58:13: warning: implicit declaration of function 'strcpy' [-Wimplicit-function-declaration]
   58 |             strcpy((char *)(strchr(foo, '=') + 1), "no");
      |             ^~~~~~
conftest.c:52:8: note: include '<string.h>' or provide a declaration of 'strcpy'
   51 |         #include <stdlib.h>
  +++ |+#include <string.h>
   52 |         #define OURVAR "havecopy=yes"
conftest.c:58:13: warning: incompatible implicit declaration of built-in function 'strcpy' [-Wbuiltin-declaration-mismatch]
   58 |             strcpy((char *)(strchr(foo, '=') + 1), "no");
      |             ^~~~~~
conftest.c:58:13: note: include '<string.h>' or provide a declaration of 'strcpy'
conftest.c:58:29: warning: implicit declaration of function 'strchr' [-Wimplicit-function-declaration]
   58 |             strcpy((char *)(strchr(foo, '=') + 1), "no");
      |                             ^~~~~~
conftest.c:58:29: note: include '<string.h>' or provide a declaration of 'strchr'
conftest.c:58:29: warning: incompatible implicit declaration of built-in function 'strchr' [-Wbuiltin-declaration-mismatch]
conftest.c:58:29: note: include '<string.h>' or provide a declaration of 'strchr'
conftest.c:60:18: warning: implicit declaration of function 'strcmp' [-Wimplicit-function-declaration]
   60 |             if (!strcmp(bar, "no")) {
      |                  ^~~~~~
conftest.c:60:18: note: include '<string.h>' or provide a declaration of 'strcmp'
configure:16420: $? = 0
configure:16422: ./conftest
configure:16425: $? = 0
configure:16439: result: no
configure:16474: checking langinfo.h usability
configure:16486: gcc -c  -pipe  conftest.c >&5
configure:16492: $? = 0
configure:16496: test -z 
			 || test ! -s conftest.err
configure:16499: $? = 0
configure:16502: test -s conftest.o
configure:16505: $? = 0
configure:16515: result: yes
configure:16519: checking langinfo.h presence
configure:16529: gcc -E  conftest.c
configure:16535: $? = 0
configure:16555: result: yes
configure:16590: checking for langinfo.h
configure:16597: result: yes
configure:16609: checking whether to use nl_langinfo
configure:16632: gcc -c  -pipe  conftest.c >&5
configure:16638: $? = 0
configure:16642: test -z 
			 || test ! -s conftest.err
configure:16645: $? = 0
configure:16648: test -s conftest.o
configure:16651: $? = 0
configure:16663: result: yes
configure:16686: checking for chflags
configure:16743: gcc -o conftest  -pipe   -Wl,--export-dynamic  conftest.c  >&5
conftest.c:80:1: error: unknown type name 'choke'
   80 | choke me
      | ^~~~~
conftest.c:80:9: error: expected ';' before 'int'
   80 | choke me
      |         ^
      |         ;
......
   88 | int
      | ~~~      
conftest.c: In function 'main':
conftest.c:91:8: error: 'f' undeclared (first use in this function)
   91 | return f != chflags;
      |        ^
conftest.c:91:8: note: each undeclared identifier is reported only once for each function it appears in
configure:16749: $? = 1
configure: failed program was:
| /* confdefs.h.  */
| 
| #define PACKAGE_NAME "tcl"
| #define PACKAGE_TARNAME "tcl"
| #define PACKAGE_VERSION "8.5"
| #define PACKAGE_STRING "tcl 8.5"
| #define PACKAGE_BUGREPORT ""
| #define STDC_HEADERS 1
| #define HAVE_SYS_TYPES_H 1
| #define HAVE_SYS_STAT_H 1
| #define HAVE_STDLIB_H 1
| #define HAVE_STRING_H 1
| #define HAVE_MEMORY_H 1
| #define HAVE_STRINGS_H 1
| #define HAVE_INTTYPES_H 1
| #define HAVE_STDINT_H 1
| #define HAVE_UNISTD_H 1
| #define HAVE_LIMITS_H 1
| #define HAVE_SYS_PARAM_H 1
| #define TCL_CFGVAL_ENCODING "iso8859-1"
| #define MODULE_SCOPE extern __attribute__((__visibility__("hidden")))
| #define TCL_SHLIB_EXT ".so"
| #define TCL_CFG_OPTIMIZED 1
| #define TCL_CFG_DEBUG 1
| #define TCL_TOMMATH 1
| #define MP_PREC 4
| #define _LARGEFILE64_SOURCE 1
| #define TCL_WIDE_INT_IS_LONG 1
| #define HAVE_GETCWD 1
| #define HAVE_OPENDIR 1
| #define HAVE_STRTOL 1
| #define HAVE_WAITPID 1
| #define HAVE_GETADDRINFO 1
| #define USE_TERMIOS 1
| #define HAVE_SYS_TIME_H 1
| #define TIME_WITH_SYS_TIME 1
| #define HAVE_GMTIME_R 1
| #define HAVE_LOCALTIME_R 1
| #define HAVE_MKTIME 1
| #define HAVE_TM_GMTOFF 1
| #define HAVE_TIMEZONE_VAR 1
| #define HAVE_STRUCT_STAT_ST_BLOCKS 1
| #define HAVE_STRUCT_STAT_ST_BLKSIZE 1
| #define HAVE_BLKCNT_T 1
| #define HAVE_INTPTR_T 1
| #define HAVE_UINTPTR_T 1
| #define NO_UNION_WAIT 1
| #define HAVE_SIGNED_CHAR 1
| #define HAVE_LANGINFO 1
| /* end confdefs.h.  */
| /* Define chflags to an innocuous variant, in case <limits.h> declares chflags.
|    For example, HP-UX 11i <limits.h> declares gettimeofday.  */
| #define chflags innocuous_chflags
| 
| /* System header to define __stub macros and hopefully few prototypes,
|     which can conflict with char chflags (); below.
|     Prefer <limits.h> to <assert.h> if __STDC__ is defined, since
|     <limits.h> exists even on freestanding compilers.  */
| 
| #ifdef __STDC__
| # include <limits.h>
| #else
| # include <assert.h>
| #endif
| 
| #undef chflags
| 
| /* Override any gcc2 internal prototype to avoid an error.  */
| #ifdef __cplusplus
| extern "C"
| {
| #endif
| /* We use char because int might match the return type of a gcc2
|    builtin and then its argument prototype would still apply.  */
| char chflags ();
| /* The GNU C library defines this for functions which it implements
|     to always fail with ENOSYS.  Some functions are actually named
|     something starting with __ and the normal name is an alias.  */
| #if defined (__stub_chflags) || defined (__stub___chflags)
| choke me
| #else
| char (*f) () = chflags;
| #endif
| #ifdef __cplusplus
| }
| #endif
| 
| int
| main ()
| {
| return f != chflags;
|   ;
|   return 0;
| }
configure:16774: result: no
configure:16789: checking isnan
configure:16813: gcc -o conftest  -pipe   -Wl,--export-dynamic  conftest.c  >&5
configure:16819: $? = 0
configure:16823: test -z 
			 || test ! -s conftest.err
configure:16826: $? = 0
configure:16829: test -s conftest
configure:16832: $? = 0
configure:16844: result: yes
configure:17899: checking for fts
configure:17929: gcc -o conftest  -pipe   -Wl,--export-dynamic  conftest.c  >&5
configure:17935: $? = 0
configure:17939: test -z 
			 || test ! -s conftest.err
configure:17942: $? = 0
configure:17945: test -s conftest
configure:17948: $? = 0
configure:17960: result: yes
configure:17992: checking sys/ioctl.h usability
configure:18004: gcc -c  -pipe  conftest.c >&5
configure:18010: $? = 0
configure:18014: test -z 
			 || test ! -s conftest.err
configure:18017: $? = 0
configure:18020: test -s conftest.o
configure:18023: $? = 0
configure:18033: result: yes
configure:18037: checking sys/ioctl.h presence
configure:18047: gcc -E  conftest.c
configure:18053: $? = 0
configure:18073: result: yes
configure:18108: checking for sys/ioctl.h
configure:18115: result: yes
configure:18142: checking sys/filio.h usability
configure:18154: gcc -c  -pipe  conftest.c >&5
conftest.c:87:10: fatal error: sys/filio.h: No such file or directory
   87 | #include <sys/filio.h>
      |          ^~~~~~~~~~~~~
compilation terminated.
configure:18160: $? = 1
configure: failed program was:
| /* confdefs.h.  */
| 
| #define PACKAGE_NAME "tcl"
| #define PACKAGE_TARNAME "tcl"
| #define PACKAGE_VERSION "8.5"
| #define PACKAGE_STRING "tcl 8.5"
| #define PACKAGE_BUGREPORT ""
| #define STDC_HEADERS 1
| #define HAVE_SYS_TYPES_H 1
| #define HAVE_SYS_STAT_H 1
| #define HAVE_STDLIB_H 1
| #define HAVE_STRING_H 1
| #define HAVE_MEMORY_H 1
| #define HAVE_STRINGS_H 1
| #define HAVE_INTTYPES_H 1
| #define HAVE_STDINT_H 1
| #define HAVE_UNISTD_H 1
| #define HAVE_LIMITS_H 1
| #define HAVE_SYS_PARAM_H 1
| #define TCL_CFGVAL_ENCODING "iso8859-1"
| #define MODULE_SCOPE extern __attribute__((__visibility__("hidden")))
| #define TCL_SHLIB_EXT ".so"
| #define TCL_CFG_OPTIMIZED 1
| #define TCL_CFG_DEBUG 1
| #define TCL_TOMMATH 1
| #define MP_PREC 4
| #define _LARGEFILE64_SOURCE 1
| #define TCL_WIDE_INT_IS_LONG 1
| #define HAVE_GETCWD 1
| #define HAVE_OPENDIR 1
| #define HAVE_STRTOL 1
| #define HAVE_WAITPID 1
| #define HAVE_GETADDRINFO 1
| #define USE_TERMIOS 1
| #define HAVE_SYS_TIME_H 1
| #define TIME_WITH_SYS_TIME 1
| #define HAVE_GMTIME_R 1
| #define HAVE_LOCALTIME_R 1
| #define HAVE_MKTIME 1
| #define HAVE_TM_GMTOFF 1
| #define HAVE_TIMEZONE_VAR 1
| #define HAVE_STRUCT_STAT_ST_BLOCKS 1
| #define HAVE_STRUCT_STAT_ST_BLKSIZE 1
| #define HAVE_BLKCNT_T 1
| #define HAVE_INTPTR_T 1
| #define HAVE_UINTPTR_T 1
| #define NO_UNION_WAIT 1
| #define HAVE_SIGNED_CHAR 1
| #define HAVE_LANGINFO 1
| #define HAVE_FTS 1
| #define HAVE_SYS_IOCTL_H 1
| /* end confdefs.h.  */
| #include <stdio.h>
| #if HAVE_SYS_TYPES_H
| # include <sys/types.h>
| #endif
| #if HAVE_SYS_STAT_H
| # include <sys/stat.h>
| #endif
| #if STDC_HEADERS
| # include <stdlib.h>
| # include <stddef.h>
| #else
| # if HAVE_STDLIB_H
| #  include <stdlib.h>
| # endif
| #endif
| #if HAVE_STRING_H
| # if !STDC_HEADERS && HAVE_MEMORY_H
| #  include <memory.h>
| # endif
| # include <string.h>
| #endif
| #if HAVE_STRINGS_H
| # include <strings.h>
| #endif
| #if HAVE_INTTYPES_H
| # include <inttypes.h>
| #else
| # if HAVE_STDINT_H
| #  include <stdint.h>
| # endif
| #endif
| #if HAVE_UNISTD_H
| # include <unistd.h>
| #endif
| #include <sys/filio.h>
configure:18183: result: no
configure:18187: checking sys/filio.h presence
configure:18197: gcc -E  conftest.c
conftest.c:53:10: fatal error: sys/filio.h: No such file or directory
   53 | #include <sys/filio.h>
      |          ^~~~~~~~~~~~~
compilation terminated.
configure:18203: $? = 1
configure: failed program was:
| /* confdefs.h.  */
| 
| #define PACKAGE_NAME "tcl"
| #define PACKAGE_TARNAME "tcl"
| #define PACKAGE_VERSION "8.5"
| #define PACKAGE_STRING "tcl 8.5"
| #define PACKAGE_BUGREPORT ""
| #define STDC_HEADERS 1
| #define HAVE_SYS_TYPES_H 1
| #define HAVE_SYS_STAT_H 1
| #define HAVE_STDLIB_H 1
| #define HAVE_STRING_H 1
| #define HAVE_MEMORY_H 1
| #define HAVE_STRINGS_H 1
| #define HAVE_INTTYPES_H 1
| #define HAVE_STDINT_H 1
| #define HAVE_UNISTD_H 1
| #define HAVE_LIMITS_H 1
| #define HAVE_SYS_PARAM_H 1
| #define TCL_CFGVAL_ENCODING "iso8859-1"
| #define MODULE_SCOPE extern __attribute__((__visibility__("hidden")))
| #define TCL_SHLIB_EXT ".so"
| #define TCL_CFG_OPTIMIZED 1
| #define TCL_CFG_DEBUG 1
| #define TCL_TOMMATH 1
| #define MP_PREC 4
| #define _LARGEFILE64_SOURCE 1
| #define TCL_WIDE_INT_IS_LONG 1
| #define HAVE_GETCWD 1
| #define HAVE_OPENDIR 1
| #define HAVE_STRTOL 1
| #define HAVE_WAITPID 1
| #define HAVE_GETADDRINFO 1
| #define USE_TERMIOS 1
| #define HAVE_SYS_TIME_H 1
| #define TIME_WITH_SYS_TIME 1
| #define HAVE_GMTIME_R 1
| #define HAVE_LOCALTIME_R 1
| #define HAVE_MKTIME 1
| #define HAVE_TM_GMTOFF 1
| #define HAVE_TIMEZONE_VAR 1
| #define HAVE_STRUCT_STAT_ST_BLOCKS 1
| #define HAVE_STRUCT_STAT_ST_BLKSIZE 1
| #define HAVE_BLKCNT_T 1
| #define HAVE_INTPTR_T 1
| #define HAVE_UINTPTR_T 1
| #define NO_UNION_WAIT 1
| #define HAVE_SIGNED_CHAR 1
| #define HAVE_LANGINFO 1
| #define HAVE_FTS 1
| #define HAVE_SYS_IOCTL_H 1
| /* end confdefs.h.  */
| #include <sys/filio.h>
configure:18223: result: no
configure:18258: checking for sys/filio.h
configure:18265: result: no
configure:18279: checking system version
configure:18307: result: Linux-5.15.0-57-generic
configure:18311: checking FIONBIO vs. O_NONBLOCK for nonblocking I/O
configure:18338: result: O_NONBLOCK
configure:18346: checking whether to use dll unloading
configure:18362: result: yes
configure:18371: checking for timezone data
configure:18412: result: /usr/share/zoneinfo
configure:18631: checking whether to enable DTrace support
configure:18656: result: no
configure:18663: checking if the C stack grows upwards in memory
configure:18690: gcc -o conftest  -pipe   -Wl,--export-dynamic  conftest.c  >&5
configure:18693: $? = 0
configure:18695: ./conftest
configure:18698: $? = 1
configure: program exited with status 1
configure: failed program was:
| /* confdefs.h.  */
| 
| #define PACKAGE_NAME "tcl"
| #define PACKAGE_TARNAME "tcl"
| #define PACKAGE_VERSION "8.5"
| #define PACKAGE_STRING "tcl 8.5"
| #define PACKAGE_BUGREPORT ""
| #define STDC_HEADERS 1
| #define HAVE_SYS_TYPES_H 1
| #define HAVE_SYS_STAT_H 1
| #define HAVE_STDLIB_H 1
| #define HAVE_STRING_H 1
| #define HAVE_MEMORY_H 1
| #define HAVE_STRINGS_H 1
| #define HAVE_INTTYPES_H 1
| #define HAVE_STDINT_H 1
| #define HAVE_UNISTD_H 1
| #define HAVE_LIMITS_H 1
| #define HAVE_SYS_PARAM_H 1
| #define TCL_CFGVAL_ENCODING "iso8859-1"
| #define MODULE_SCOPE extern __attribute__((__visibility__("hidden")))
| #define TCL_SHLIB_EXT ".so"
| #define TCL_CFG_OPTIMIZED 1
| #define TCL_CFG_DEBUG 1
| #define TCL_TOMMATH 1
| #define MP_PREC 4
| #define _LARGEFILE64_SOURCE 1
| #define TCL_WIDE_INT_IS_LONG 1
| #define HAVE_GETCWD 1
| #define HAVE_OPENDIR 1
| #define HAVE_STRTOL 1
| #define HAVE_WAITPID 1
| #define HAVE_GETADDRINFO 1
| #define USE_TERMIOS 1
| #define HAVE_SYS_TIME_H 1
| #define TIME_WITH_SYS_TIME 1
| #define HAVE_GMTIME_R 1
| #define HAVE_LOCALTIME_R 1
| #define HAVE_MKTIME 1
| #define HAVE_TM_GMTOFF 1
| #define HAVE_TIMEZONE_VAR 1
| #define HAVE_STRUCT_STAT_ST_BLOCKS 1
| #define HAVE_STRUCT_STAT_ST_BLKSIZE 1
| #define HAVE_BLKCNT_T 1
| #define HAVE_INTPTR_T 1
| #define HAVE_UINTPTR_T 1
| #define NO_UNION_WAIT 1
| #define HAVE_SIGNED_CHAR 1
| #define HAVE_LANGINFO 1
| #define HAVE_FTS 1
| #define HAVE_SYS_IOCTL_H 1
| #define TCL_UNLOAD_DLLS 1
| /* end confdefs.h.  */
| 
| 	int StackGrowsUp(int *parent) {
| 	    int here;
| 	    return (&here < parent);
| 	}
| 	int main (int argc, char *argv[]) {
| 	    int foo;
| 	    return StackGrowsUp(&foo);
| 	}
| 
configure:18712: result: no
configure:19076: creating ./config.status

## ---------------------- ##
## Running config.status. ##
## ---------------------- ##

This file was extended by tcl config.status 8.5, which was
generated by GNU Autoconf 2.59.  Invocation command line was

  CONFIG_FILES    = 
  CONFIG_HEADERS  = 
  CONFIG_LINKS    = 
  CONFIG_COMMANDS = 
  $ ./config.status 

on benevantmathew-HP-Pavilion-15-Notebook-PC

config.status:723: creating Makefile
config.status:723: creating dltest/Makefile
config.status:723: creating tclConfig.sh

## ---------------- ##
## Cache variables. ##
## ---------------- ##

ac_cv_c_bigendian=no
ac_cv_c_char_unsigned=no
ac_cv_c_compiler_gnu=yes
ac_cv_c_inline=inline
ac_cv_env_CC_set=
ac_cv_env_CC_value=
ac_cv_env_CFLAGS_set=
ac_cv_env_CFLAGS_value=
ac_cv_env_CPPFLAGS_set=
ac_cv_env_CPPFLAGS_value=
ac_cv_env_CPP_set=
ac_cv_env_CPP_value=
ac_cv_env_LDFLAGS_set=
ac_cv_env_LDFLAGS_value=
ac_cv_env_build_alias_set=
ac_cv_env_build_alias_value=
ac_cv_env_host_alias_set=
ac_cv_env_host_alias_value=
ac_cv_env_target_alias_set=
ac_cv_env_target_alias_value=
ac_cv_exeext=
ac_cv_func_BSDgettimeofday=no
ac_cv_func_chflags=no
ac_cv_func_connect=yes
ac_cv_func_fstatfs=yes
ac_cv_func_getaddrinfo=yes
ac_cv_func_getcwd=yes
ac_cv_func_gethostbyname=yes
ac_cv_func_gettimeofday=yes
ac_cv_func_getwd=yes
ac_cv_func_gmtime_r=yes
ac_cv_func_localtime_r=yes
ac_cv_func_memcmp_working=yes
ac_cv_func_memmove=yes
ac_cv_func_mktime=yes
ac_cv_func_opendir=yes
ac_cv_func_realpath=yes
ac_cv_func_sin=no
ac_cv_func_strerror=yes
ac_cv_func_strncasecmp=yes
ac_cv_func_strstr=yes
ac_cv_func_strtod=yes
ac_cv_func_strtol=yes
ac_cv_func_strtoul=yes
ac_cv_func_uname=yes
ac_cv_func_wait3=yes
ac_cv_func_waitpid=yes
ac_cv_header_dlfcn_h=yes
ac_cv_header_float_h=yes
ac_cv_header_inttypes_h=yes
ac_cv_header_langinfo_h=yes
ac_cv_header_limits_h=yes
ac_cv_header_memory_h=yes
ac_cv_header_net_errno_h=no
ac_cv_header_stdc=yes
ac_cv_header_stdint_h=yes
ac_cv_header_stdlib_h=yes
ac_cv_header_string_h=yes
ac_cv_header_strings_h=yes
ac_cv_header_sys_filio_h=no
ac_cv_header_sys_ioctl_h=yes
ac_cv_header_sys_modem_h=no
ac_cv_header_sys_param_h=yes
ac_cv_header_sys_stat_h=yes
ac_cv_header_sys_time_h=yes
ac_cv_header_sys_types_h=yes
ac_cv_header_sys_wait_h=yes
ac_cv_header_time=yes
ac_cv_header_unistd_h=yes
ac_cv_header_values_h=yes
ac_cv_lib_dl_dlopen=yes
ac_cv_lib_ieee_main=no
ac_cv_lib_inet_main=no
ac_cv_member_struct_stat_st_blksize=yes
ac_cv_member_struct_stat_st_blocks=yes
ac_cv_objext=o
ac_cv_prog_AR=ar
ac_cv_prog_CPP='gcc -E'
ac_cv_prog_ac_ct_CC=gcc
ac_cv_prog_ac_ct_RANLIB=ranlib
ac_cv_prog_cc_g=yes
ac_cv_prog_cc_stdc=
ac_cv_prog_egrep='grep -E'
ac_cv_type_blkcnt_t=yes
ac_cv_type_intptr_t=yes
ac_cv_type_mode_t=yes
ac_cv_type_pid_t=yes
ac_cv_type_size_t=yes
ac_cv_type_uid_t=yes
ac_cv_type_uintptr_t=yes
tcl_cv_api_fts=yes
tcl_cv_api_getaddrinfo=yes
tcl_cv_api_serial=termios
tcl_cv_cc_pipe=yes
tcl_cv_cc_visibility_hidden=yes
tcl_cv_char_signed=yes
tcl_cv_dir_zoneinfo=/usr/share/zoneinfo
tcl_cv_dirent_h=yes
tcl_cv_flag__isoc99_source=no
tcl_cv_flag__largefile64_source=yes
tcl_cv_flag__largefile_source64=no
tcl_cv_grep_gettimeofday=present
tcl_cv_isnan=yes
tcl_cv_langinfo_h=yes
tcl_cv_member_tm_gmtoff=yes
tcl_cv_member_tm_tzadj=no
tcl_cv_putenv_copy=no
tcl_cv_stack_grows_up=no
tcl_cv_strstr_unbroken=ok
tcl_cv_strtod_buggy=ok
tcl_cv_strtod_unbroken=ok
tcl_cv_strtoul_unbroken=ok
tcl_cv_sys_version=Linux-5.15.0-57-generic
tcl_cv_timezone_long=yes
tcl_cv_type_64bit=none
tcl_cv_type_fd_set=yes
tcl_cv_type_socklen_t=yes
tcl_cv_union_wait=no

## ----------------- ##
## Output variables. ##
## ----------------- ##

AR='ar'
BUILD_DLTEST='$(DLTEST_TARGETS)'
CC='gcc'
CC_SEARCH_FLAGS='-Wl,-rpath,${LIB_RUNTIME_DIR}'
CFG_TCL_SHARED_LIB_SUFFIX='${VERSION}.so'
CFG_TCL_UNSHARED_LIB_SUFFIX='${VERSION}.a'
CFLAGS=' -pipe '
CFLAGS_DEBUG='-g'
CFLAGS_DEFAULT='$(CFLAGS_OPTIMIZE)'
CFLAGS_OPTIMIZE='-O2'
CFLAGS_WARNING='-Wall'
CPP='gcc -E'
CPPFLAGS=''
DEFS='-DPACKAGE_NAME=\"tcl\" -DPACKAGE_TARNAME=\"tcl\" -DPACKAGE_VERSION=\"8.5\" -DPACKAGE_STRING=\"tcl\ 8.5\" -DPACKAGE_BUGREPORT=\"\" -DSTDC_HEADERS=1 -DHAVE_SYS_TYPES_H=1 -DHAVE_SYS_STAT_H=1 -DHAVE_STDLIB_H=1 -DHAVE_STRING_H=1 -DHAVE_MEMORY_H=1 -DHAVE_STRINGS_H=1 -DHAVE_INTTYPES_H=1 -DHAVE_STDINT_H=1 -DHAVE_UNISTD_H=1 -DHAVE_LIMITS_H=1 -DHAVE_SYS_PARAM_H=1 -DTCL_CFGVAL_ENCODING=\"iso8859-1\" -DMODULE_SCOPE=extern\ __attribute__\(\(__visibility__\(\"hidden\"\)\)\) -DTCL_SHLIB_EXT=\".so\" -DTCL_CFG_OPTIMIZED=1 -DTCL_CFG_DEBUG=1 -DTCL_TOMMATH=1 -DMP_PREC=4 -D_LARGEFILE64_SOURCE=1 -DTCL_WIDE_INT_IS_LONG=1 -DHAVE_GETCWD=1 -DHAVE_OPENDIR=1 -DHAVE_STRTOL=1 -DHAVE_WAITPID=1 -DHAVE_GETADDRINFO=1 -DUSE_TERMIOS=1 -DHAVE_SYS_TIME_H=1 -DTIME_WITH_SYS_TIME=1 -DHAVE_GMTIME_R=1 -DHAVE_LOCALTIME_R=1 -DHAVE_MKTIME=1 -DHAVE_TM_GMTOFF=1 -DHAVE_TIMEZONE_VAR=1 -DHAVE_STRUCT_STAT_ST_BLOCKS=1 -DHAVE_STRUCT_STAT_ST_BLKSIZE=1 -DHAVE_BLKCNT_T=1 -DHAVE_INTPTR_T=1 -DHAVE_UINTPTR_T=1 -DNO_UNION_WAIT=1 -DHAVE_SIGNED_CHAR=1 -DHAVE_LANGINFO=1 -DHAVE_FTS=1 -DHAVE_SYS_IOCTL_H=1 -DTCL_UNLOAD_DLLS=1 '
DLTEST_LD='${SHLIB_LD}'
DLTEST_SUFFIX=''
DL_LIBS='-ldl'
DL_OBJS='tclLoadDl.o'
DTRACE=''
DTRACE_HDR=''
DTRACE_OBJ=''
DTRACE_SRC=''
ECHO_C=''
ECHO_N='-n'
ECHO_T=''
EGREP='grep -E'
EXEEXT=''
EXTRA_APP_CC_SWITCHES=''
EXTRA_BUILD_HTML=''
EXTRA_CC_SWITCHES=''
EXTRA_INSTALL=''
EXTRA_INSTALL_BINARIES=''
EXTRA_TCLSH_LIBS=''
HTML_DIR='$(DISTDIR)/html'
INSTALL_LIB='$(INSTALL_LIBRARY) $(LIB_FILE) "$(LIB_INSTALL_DIR)"/$(LIB_FILE)'
INSTALL_STUB_LIB='$(INSTALL_LIBRARY) $(STUB_LIB_FILE) "$(LIB_INSTALL_DIR)"/$(STUB_LIB_FILE) ; (cd "$(LIB_INSTALL_DIR)" ; $(RANLIB) $(STUB_LIB_FILE))'
INSTALL_TZDATA=''
LDAIX_SRC=''
LDFLAGS=' -Wl,--export-dynamic '
LDFLAGS_DEBUG=''
LDFLAGS_DEFAULT='$(LDFLAGS_OPTIMIZE)'
LDFLAGS_OPTIMIZE=''
LD_LIBRARY_PATH_VAR='LD_LIBRARY_PATH'
LD_SEARCH_FLAGS='-Wl,-rpath,${LIB_RUNTIME_DIR}'
LIBOBJS=''
LIBS=''
MAKEFILE_SHELL='/bin/sh'
MAKE_LIB='${SHLIB_LD} -o $@ ${OBJS} ${SHLIB_LD_LIBS} ${TCL_SHLIB_LD_EXTRAS} ${TK_SHLIB_LD_EXTRAS} ${LD_SEARCH_FLAGS}'
MAKE_STUB_LIB='${STLIB_LD} $@ ${STUB_LIB_OBJS} ; ${RANLIB} $@'
MAN_FLAGS=''
OBJEXT='o'
PACKAGE_BUGREPORT=''
PACKAGE_NAME='tcl'
PACKAGE_STRING='tcl 8.5'
PACKAGE_TARNAME='tcl'
PACKAGE_VERSION='8.5'
PATH_SEPARATOR=':'
PLAT_OBJS=''
PLAT_SRCS=''
PRIVATE_INCLUDE_DIR='$(includedir)'
RANLIB='ranlib'
SHELL='/bin/bash'
SHLIB_CFLAGS='-fPIC'
SHLIB_LD='${CC} -shared ${CFLAGS} ${LDFLAGS}'
SHLIB_LD_LIBS='${LIBS}'
SHLIB_SUFFIX='.so'
STLIB_LD='${AR} cr'
TCL_BUILD_LIB_SPEC='-L/home/benevantmathew/github/public/tcl859/tcl8.5.9/unix -ltcl8.5'
TCL_BUILD_STUB_LIB_PATH='/home/benevantmathew/github/public/tcl859/tcl8.5.9/unix/libtclstub8.5.a'
TCL_BUILD_STUB_LIB_SPEC='-L/home/benevantmathew/github/public/tcl859/tcl8.5.9/unix -ltclstub8.5'
TCL_HAS_LONGLONG=''
TCL_INCLUDE_SPEC='-I/usr/local/include'
TCL_LIBRARY='$(prefix)/lib/tcl$(VERSION)'
TCL_LIBS='-ldl  -lm'
TCL_LIB_FILE='libtcl8.5.so'
TCL_LIB_FLAG='-ltcl8.5'
TCL_LIB_SPEC='-L/usr/local/lib -ltcl8.5'
TCL_LIB_VERSIONS_OK='ok'
TCL_MAJOR_VERSION='8'
TCL_MINOR_VERSION='5'
TCL_MODULE_PATH=''
TCL_PACKAGE_PATH='/usr/local/lib '
TCL_PATCH_LEVEL='.9'
TCL_SHARED_BUILD='1'
TCL_SHARED_LIB_SUFFIX='${VERSION}${SHLIB_SUFFIX}'
TCL_SHLIB_LD_EXTRAS=''
TCL_SRC_DIR='/home/benevantmathew/github/public/tcl859/tcl8.5.9'
TCL_STUB_LIB_FILE='libtclstub8.5.a'
TCL_STUB_LIB_FLAG='-ltclstub8.5'
TCL_STUB_LIB_PATH='/usr/local/lib/libtclstub8.5.a'
TCL_STUB_LIB_SPEC='-L/usr/local/lib -ltclstub8.5'
TCL_THREADS='0'
TCL_UNSHARED_LIB_SUFFIX='${VERSION}.a'
TCL_VERSION='8.5'
TCL_YEAR=''
TK_SHLIB_LD_EXTRAS=''
ac_ct_CC='gcc'
ac_ct_RANLIB='ranlib'
bindir='${exec_prefix}/bin'
build_alias=''
datadir='${prefix}/share'
exec_prefix='/usr/local'
host_alias=''
includedir='${prefix}/include'
infodir='${prefix}/info'
libdir='/usr/local/lib'
libexecdir='${exec_prefix}/libexec'
localstatedir='${prefix}/var'
mandir='${prefix}/man'
oldincludedir='/usr/include'
prefix='/usr/local'
program_transform_name='s,x,x,'
sbindir='${exec_prefix}/sbin'
sharedstatedir='${prefix}/com'
sysconfdir='${prefix}/etc'
target_alias=''

## ----------- ##
## confdefs.h. ##
## ----------- ##

#define HAVE_BLKCNT_T 1
#define HAVE_FTS 1
#define HAVE_GETADDRINFO 1
#define HAVE_GETCWD 1
#define HAVE_GMTIME_R 1
#define HAVE_INTPTR_T 1
#define HAVE_INTTYPES_H 1
#define HAVE_LANGINFO 1
#define HAVE_LIMITS_H 1
#define HAVE_LOCALTIME_R 1
#define HAVE_MEMORY_H 1
#define HAVE_MKTIME 1
#define HAVE_OPENDIR 1
#define HAVE_SIGNED_CHAR 1
#define HAVE_STDINT_H 1
#define HAVE_STDLIB_H 1
#define HAVE_STRINGS_H 1
#define HAVE_STRING_H 1
#define HAVE_STRTOL 1
#define HAVE_STRUCT_STAT_ST_BLKSIZE 1
#define HAVE_STRUCT_STAT_ST_BLOCKS 1
#define HAVE_SYS_IOCTL_H 1
#define HAVE_SYS_PARAM_H 1
#define HAVE_SYS_STAT_H 1
#define HAVE_SYS_TIME_H 1
#define HAVE_SYS_TYPES_H 1
#define HAVE_TIMEZONE_VAR 1
#define HAVE_TM_GMTOFF 1
#define HAVE_UINTPTR_T 1
#define HAVE_UNISTD_H 1
#define HAVE_WAITPID 1
#define MODULE_SCOPE extern __attribute__((__visibility__("hidden")))
#define MP_PREC 4
#define NO_UNION_WAIT 1
#define PACKAGE_BUGREPORT ""
#define PACKAGE_NAME "tcl"
#define PACKAGE_STRING "tcl 8.5"
#define PACKAGE_TARNAME "tcl"
#define PACKAGE_VERSION "8.5"
#define STDC_HEADERS 1
#define TCL_CFGVAL_ENCODING "iso8859-1"
#define TCL_CFG_DEBUG 1
#define TCL_CFG_OPTIMIZED 1
#define TCL_SHLIB_EXT ".so"
#define TCL_TOMMATH 1
#define TCL_UNLOAD_DLLS 1
#define TCL_WIDE_INT_IS_LONG 1
#define TIME_WITH_SYS_TIME 1
#define USE_TERMIOS 1
#define _LARGEFILE64_SOURCE 1

configure: exit 0
