This file contains any messages produced by compilers while
running configure, to aid debugging if configure makes a mistake.

It was created by tk configure 8.5, which was
generated by GNU Autoconf 2.59.  Invocation command line was

  $ ./configure --with-tcl=/usr/local/lib

## --------- ##
## Platform. ##
## --------- ##

hostname = benevantmathew-HP-Pavilion-15-Notebook-PC
uname -m = x86_64
uname -r = 5.15.0-57-generic
uname -s = Linux
uname -v = #63-Ubuntu SMP Thu Nov 24 13:43:17 UTC 2022

/usr/bin/uname -p = x86_64
/bin/uname -X     = unknown

/bin/arch              = x86_64
/usr/bin/arch -k       = unknown
/usr/convex/getsysinfo = unknown
hostinfo               = unknown
/bin/machine           = unknown
/usr/bin/oslevel       = unknown
/bin/universe          = unknown

PATH: /usr/local/sbin
PATH: /usr/local/bin
PATH: /usr/sbin
PATH: /usr/bin
PATH: /sbin
PATH: /bin
PATH: /snap/bin


## ----------- ##
## Core tests. ##
## ----------- ##

configure:1365: checking for Tcl configuration
configure:1469: result: found /usr/local/lib/tclConfig.sh
configure:1475: checking for existence of /usr/local/lib/tclConfig.sh
configure:1479: result: loading
configure:1545: checking for tclsh
configure:1569: result: /usr/local/bin/tclsh8.5
configure:1580: checking for tclsh in Tcl build directory
configure:1583: result: /usr/local/lib/tclsh
configure:1617: checking whether to use symlinks for manpages
configure:1626: result: no
configure:1629: checking whether to compress the manpages
configure:1644: result: no
configure:1658: checking whether to add a package name suffix for the manpages
configure:1671: result: no
configure:1733: checking for gcc
configure:1749: found /usr/bin/gcc
configure:1759: result: gcc
configure:2003: checking for C compiler version
configure:2006: gcc --version </dev/null >&5
gcc (Ubuntu 11.3.0-1ubuntu1~22.04) 11.3.0
Copyright (C) 2021 Free Software Foundation, Inc.
This is free software; see the source for copying conditions.  There is NO
warranty; not even for MERCHANTABILITY or FITNESS FOR A PARTICULAR PURPOSE.

configure:2009: $? = 0
configure:2011: gcc -v </dev/null >&5
Using built-in specs.
COLLECT_GCC=gcc
COLLECT_LTO_WRAPPER=/usr/lib/gcc/x86_64-linux-gnu/11/lto-wrapper
OFFLOAD_TARGET_NAMES=nvptx-none:amdgcn-amdhsa
OFFLOAD_TARGET_DEFAULT=1
Target: x86_64-linux-gnu
Configured with: ../src/configure -v --with-pkgversion='Ubuntu 11.3.0-1ubuntu1~22.04' --with-bugurl=file:///usr/share/doc/gcc-11/README.Bugs --enable-languages=c,ada,c++,go,brig,d,fortran,objc,obj-c++,m2 --prefix=/usr --with-gcc-major-version-only --program-suffix=-11 --program-prefix=x86_64-linux-gnu- --enable-shared --enable-linker-build-id --libexecdir=/usr/lib --without-included-gettext --enable-threads=posix --libdir=/usr/lib --enable-nls --enable-bootstrap --enable-clocale=gnu --enable-libstdcxx-debug --enable-libstdcxx-time=yes --with-default-libstdcxx-abi=new --enable-gnu-unique-object --disable-vtable-verify --enable-plugin --enable-default-pie --with-system-zlib --enable-libphobos-checking=release --with-target-system-zlib=auto --enable-objc-gc=auto --enable-multiarch --disable-werror --enable-cet --with-arch-32=i686 --with-abi=m64 --with-multilib-list=m32,m64,mx32 --enable-multilib --with-tune=generic --enable-offload-targets=nvptx-none=/build/gcc-11-xKiWfi/gcc-11-11.3.0/debian/tmp-nvptx/usr,amdgcn-amdhsa=/build/gcc-11-xKiWfi/gcc-11-11.3.0/debian/tmp-gcn/usr --without-cuda-driver --enable-checking=release --build=x86_64-linux-gnu --host=x86_64-linux-gnu --target=x86_64-linux-gnu --with-build-config=bootstrap-lto-lean --enable-link-serialization=2
Thread model: posix
Supported LTO compression algorithms: zlib zstd
gcc version 11.3.0 (Ubuntu 11.3.0-1ubuntu1~22.04) 
configure:2014: $? = 0
configure:2016: gcc -V </dev/null >&5
gcc: error: unrecognized command-line option '-V'
gcc: fatal error: no input files
compilation terminated.
configure:2019: $? = 1
configure:2042: checking for C compiler default output file name
configure:2045: gcc    conftest.c  >&5
configure:2048: $? = 0
configure:2094: result: a.out
configure:2099: checking whether the C compiler works
configure:2105: ./a.out
configure:2108: $? = 0
configure:2125: result: yes
configure:2132: checking whether we are cross compiling
configure:2134: result: no
configure:2137: checking for suffix of executables
configure:2139: gcc -o conftest    conftest.c  >&5
configure:2142: $? = 0
configure:2167: result: 
configure:2173: checking for suffix of object files
configure:2194: gcc -c   conftest.c >&5
configure:2197: $? = 0
configure:2219: result: o
configure:2223: checking whether we are using the GNU C compiler
configure:2247: gcc -c   conftest.c >&5
configure:2253: $? = 0
configure:2257: test -z 
			 || test ! -s conftest.err
configure:2260: $? = 0
configure:2263: test -s conftest.o
configure:2266: $? = 0
configure:2279: result: yes
configure:2285: checking whether gcc accepts -g
configure:2306: gcc -c -g  conftest.c >&5
configure:2312: $? = 0
configure:2316: test -z 
			 || test ! -s conftest.err
configure:2319: $? = 0
configure:2322: test -s conftest.o
configure:2325: $? = 0
configure:2336: result: yes
configure:2353: checking for gcc option to accept ANSI C
configure:2423: gcc  -c   conftest.c >&5
configure:2429: $? = 0
configure:2433: test -z 
			 || test ! -s conftest.err
configure:2436: $? = 0
configure:2439: test -s conftest.o
configure:2442: $? = 0
configure:2460: result: none needed
configure:2478: gcc -c   conftest.c >&5
conftest.c:2:3: error: unknown type name 'choke'
    2 |   choke me
      |   ^~~~~
conftest.c:2:3: error: expected '=', ',', ';', 'asm' or '__attribute__' at end of input
configure:2484: $? = 1
configure: failed program was:
| #ifndef __cplusplus
|   choke me
| #endif
configure:2626: checking how to run the C preprocessor
configure:2661: gcc -E  conftest.c
configure:2667: $? = 0
configure:2699: gcc -E  conftest.c
conftest.c:9:10: fatal error: ac_nonexistent.h: No such file or directory
    9 | #include <ac_nonexistent.h>
      |          ^~~~~~~~~~~~~~~~~~
compilation terminated.
configure:2705: $? = 1
configure: failed program was:
| /* confdefs.h.  */
| 
| #define PACKAGE_NAME "tk"
| #define PACKAGE_TARNAME "tk"
| #define PACKAGE_VERSION "8.5"
| #define PACKAGE_STRING "tk 8.5"
| #define PACKAGE_BUGREPORT ""
| /* end confdefs.h.  */
| #include <ac_nonexistent.h>
configure:2744: result: gcc -E
configure:2768: gcc -E  conftest.c
configure:2774: $? = 0
configure:2806: gcc -E  conftest.c
conftest.c:9:10: fatal error: ac_nonexistent.h: No such file or directory
    9 | #include <ac_nonexistent.h>
      |          ^~~~~~~~~~~~~~~~~~
compilation terminated.
configure:2812: $? = 1
configure: failed program was:
| /* confdefs.h.  */
| 
| #define PACKAGE_NAME "tk"
| #define PACKAGE_TARNAME "tk"
| #define PACKAGE_VERSION "8.5"
| #define PACKAGE_STRING "tk 8.5"
| #define PACKAGE_BUGREPORT ""
| /* end confdefs.h.  */
| #include <ac_nonexistent.h>
configure:2856: checking for egrep
configure:2866: result: grep -E
configure:2871: checking for ANSI C header files
configure:2896: gcc -c   conftest.c >&5
configure:2902: $? = 0
configure:2906: test -z 
			 || test ! -s conftest.err
configure:2909: $? = 0
configure:2912: test -s conftest.o
configure:2915: $? = 0
configure:3004: gcc -o conftest    conftest.c  >&5
conftest.c: In function 'main':
conftest.c:26:7: warning: implicit declaration of function 'exit' [-Wimplicit-function-declaration]
   26 |       exit(2);
      |       ^~~~
conftest.c:10:1: note: include '<stdlib.h>' or provide a declaration of 'exit'
    9 | #include <ctype.h>
  +++ |+#include <stdlib.h>
   10 | #if ((' ' & 0x0FF) == 0x020)
conftest.c:26:7: warning: incompatible implicit declaration of built-in function 'exit' [-Wbuiltin-declaration-mismatch]
   26 |       exit(2);
      |       ^~~~
conftest.c:26:7: note: include '<stdlib.h>' or provide a declaration of 'exit'
conftest.c:27:3: warning: incompatible implicit declaration of built-in function 'exit' [-Wbuiltin-declaration-mismatch]
   27 |   exit (0);
      |   ^~~~
conftest.c:27:3: note: include '<stdlib.h>' or provide a declaration of 'exit'
configure:3007: $? = 0
configure:3009: ./conftest
configure:3012: $? = 0
configure:3027: result: yes
configure:3051: checking for sys/types.h
configure:3067: gcc -c   conftest.c >&5
configure:3073: $? = 0
configure:3077: test -z 
			 || test ! -s conftest.err
configure:3080: $? = 0
configure:3083: test -s conftest.o
configure:3086: $? = 0
configure:3097: result: yes
configure:3051: checking for sys/stat.h
configure:3067: gcc -c   conftest.c >&5
configure:3073: $? = 0
configure:3077: test -z 
			 || test ! -s conftest.err
configure:3080: $? = 0
configure:3083: test -s conftest.o
configure:3086: $? = 0
configure:3097: result: yes
configure:3051: checking for stdlib.h
configure:3067: gcc -c   conftest.c >&5
configure:3073: $? = 0
configure:3077: test -z 
			 || test ! -s conftest.err
configure:3080: $? = 0
configure:3083: test -s conftest.o
configure:3086: $? = 0
configure:3097: result: yes
configure:3051: checking for string.h
configure:3067: gcc -c   conftest.c >&5
configure:3073: $? = 0
configure:3077: test -z 
			 || test ! -s conftest.err
configure:3080: $? = 0
configure:3083: test -s conftest.o
configure:3086: $? = 0
configure:3097: result: yes
configure:3051: checking for memory.h
configure:3067: gcc -c   conftest.c >&5
configure:3073: $? = 0
configure:3077: test -z 
			 || test ! -s conftest.err
configure:3080: $? = 0
configure:3083: test -s conftest.o
configure:3086: $? = 0
configure:3097: result: yes
configure:3051: checking for strings.h
configure:3067: gcc -c   conftest.c >&5
configure:3073: $? = 0
configure:3077: test -z 
			 || test ! -s conftest.err
configure:3080: $? = 0
configure:3083: test -s conftest.o
configure:3086: $? = 0
configure:3097: result: yes
configure:3051: checking for inttypes.h
configure:3067: gcc -c   conftest.c >&5
configure:3073: $? = 0
configure:3077: test -z 
			 || test ! -s conftest.err
configure:3080: $? = 0
configure:3083: test -s conftest.o
configure:3086: $? = 0
configure:3097: result: yes
configure:3051: checking for stdint.h
configure:3067: gcc -c   conftest.c >&5
configure:3073: $? = 0
configure:3077: test -z 
			 || test ! -s conftest.err
configure:3080: $? = 0
configure:3083: test -s conftest.o
configure:3086: $? = 0
configure:3097: result: yes
configure:3051: checking for unistd.h
configure:3067: gcc -c   conftest.c >&5
configure:3073: $? = 0
configure:3077: test -z 
			 || test ! -s conftest.err
configure:3080: $? = 0
configure:3083: test -s conftest.o
configure:3086: $? = 0
configure:3097: result: yes
configure:3119: checking limits.h usability
configure:3131: gcc -c   conftest.c >&5
configure:3137: $? = 0
configure:3141: test -z 
			 || test ! -s conftest.err
configure:3144: $? = 0
configure:3147: test -s conftest.o
configure:3150: $? = 0
configure:3160: result: yes
configure:3164: checking limits.h presence
configure:3174: gcc -E  conftest.c
configure:3180: $? = 0
configure:3200: result: yes
configure:3235: checking for limits.h
configure:3242: result: yes
configure:3268: checking for stdlib.h
configure:3273: result: yes
configure:3476: checking if the compiler understands -pipe
configure:3499: gcc -c  -pipe  conftest.c >&5
configure:3505: $? = 0
configure:3509: test -z 
			 || test ! -s conftest.err
configure:3512: $? = 0
configure:3515: test -s conftest.o
configure:3518: $? = 0
configure:3530: result: yes
configure:4449: checking for building with threads
configure:4465: result: no (default)
configure:4476: checking how to build libraries
configure:4494: result: shared
configure:4556: checking for ranlib
configure:4572: found /usr/bin/ranlib
configure:4583: result: ranlib
configure:4599: checking if 64bit support is requested
configure:4608: result: no
configure:4613: checking if 64bit Sparc VIS support is requested
configure:4622: result: no
configure:4633: checking if compiler supports visibility "hidden"
configure:4658: gcc -o conftest  -pipe -Werror   conftest.c  >&5
configure:4664: $? = 0
configure:4668: test -z 
			 || test ! -s conftest.err
configure:4671: $? = 0
configure:4674: test -s conftest
configure:4677: $? = 0
configure:4690: result: yes
configure:4705: checking if rpath support is requested
configure:4714: result: yes
configure:4721: checking system version
configure:4749: result: Linux-5.15.0-57-generic
configure:4757: checking for dlopen in -ldl
configure:4787: gcc -o conftest  -pipe   conftest.c -ldl   >&5
configure:4793: $? = 0
configure:4797: test -z 
			 || test ! -s conftest.err
configure:4800: $? = 0
configure:4803: test -s conftest
configure:4806: $? = 0
configure:4819: result: yes
configure:4860: checking for ar
configure:4876: found /usr/bin/ar
configure:4886: result: ar
configure:7169: checking for build with symbols
configure:7183: result: no
configure:7233: checking for required early compiler flags
configure:7256: gcc -c  -pipe  conftest.c >&5
configure:7262: $? = 0
configure:7266: test -z 
			 || test ! -s conftest.err
configure:7269: $? = 0
configure:7272: test -s conftest.o
configure:7275: $? = 0
configure:7361: gcc -c  -pipe  conftest.c >&5
conftest.c: In function 'main':
conftest.c:28:15: error: storage size of 'buf' isn't known
   28 | struct stat64 buf; int i = stat64("/", &buf);
      |               ^~~
conftest.c:28:28: warning: implicit declaration of function 'stat64'; did you mean 'stat'? [-Wimplicit-function-declaration]
   28 | struct stat64 buf; int i = stat64("/", &buf);
      |                            ^~~~~~
      |                            stat
configure:7367: $? = 1
configure: failed program was:
| /* confdefs.h.  */
| 
| #define PACKAGE_NAME "tk"
| #define PACKAGE_TARNAME "tk"
| #define PACKAGE_VERSION "8.5"
| #define PACKAGE_STRING "tk 8.5"
| #define PACKAGE_BUGREPORT ""
| #define STDC_HEADERS 1
| #define HAVE_SYS_TYPES_H 1
| #define HAVE_SYS_STAT_H 1
| #define HAVE_STDLIB_H 1
| #define HAVE_STRING_H 1
| #define HAVE_MEMORY_H 1
| #define HAVE_STRINGS_H 1
| #define HAVE_INTTYPES_H 1
| #define HAVE_STDINT_H 1
| #define HAVE_UNISTD_H 1
| #define HAVE_LIMITS_H 1
| #define MODULE_SCOPE extern __attribute__((__visibility__("hidden")))
| #define TCL_SHLIB_EXT ".so"
| #define TCL_CFG_OPTIMIZED 1
| #define TCL_CFG_DEBUG 1
| /* end confdefs.h.  */
| #include <sys/stat.h>
| int
| main ()
| {
| struct stat64 buf; int i = stat64("/", &buf);
|   ;
|   return 0;
| }
configure:7404: gcc -c  -pipe  conftest.c >&5
configure:7410: $? = 0
configure:7414: test -z 
			 || test ! -s conftest.err
configure:7417: $? = 0
configure:7420: test -s conftest.o
configure:7423: $? = 0
configure:7466: gcc -c  -pipe  conftest.c >&5
conftest.c: In function 'main':
conftest.c:29:19: error: 'open64' undeclared (first use in this function)
   29 | char *p = (char *)open64;
      |                   ^~~~~~
conftest.c:29:19: note: each undeclared identifier is reported only once for each function it appears in
configure:7472: $? = 1
configure: failed program was:
| /* confdefs.h.  */
| 
| #define PACKAGE_NAME "tk"
| #define PACKAGE_TARNAME "tk"
| #define PACKAGE_VERSION "8.5"
| #define PACKAGE_STRING "tk 8.5"
| #define PACKAGE_BUGREPORT ""
| #define STDC_HEADERS 1
| #define HAVE_SYS_TYPES_H 1
| #define HAVE_SYS_STAT_H 1
| #define HAVE_STDLIB_H 1
| #define HAVE_STRING_H 1
| #define HAVE_MEMORY_H 1
| #define HAVE_STRINGS_H 1
| #define HAVE_INTTYPES_H 1
| #define HAVE_STDINT_H 1
| #define HAVE_UNISTD_H 1
| #define HAVE_LIMITS_H 1
| #define MODULE_SCOPE extern __attribute__((__visibility__("hidden")))
| #define TCL_SHLIB_EXT ".so"
| #define TCL_CFG_OPTIMIZED 1
| #define TCL_CFG_DEBUG 1
| #define _LARGEFILE64_SOURCE 1
| /* end confdefs.h.  */
| #include <sys/stat.h>
| int
| main ()
| {
| char *p = (char *)open64;
|   ;
|   return 0;
| }
configure:7509: gcc -c  -pipe  conftest.c >&5
conftest.c: In function 'main':
conftest.c:30:19: error: 'open64' undeclared (first use in this function)
   30 | char *p = (char *)open64;
      |                   ^~~~~~
conftest.c:30:19: note: each undeclared identifier is reported only once for each function it appears in
configure:7515: $? = 1
configure: failed program was:
| /* confdefs.h.  */
| 
| #define PACKAGE_NAME "tk"
| #define PACKAGE_TARNAME "tk"
| #define PACKAGE_VERSION "8.5"
| #define PACKAGE_STRING "tk 8.5"
| #define PACKAGE_BUGREPORT ""
| #define STDC_HEADERS 1
| #define HAVE_SYS_TYPES_H 1
| #define HAVE_SYS_STAT_H 1
| #define HAVE_STDLIB_H 1
| #define HAVE_STRING_H 1
| #define HAVE_MEMORY_H 1
| #define HAVE_STRINGS_H 1
| #define HAVE_INTTYPES_H 1
| #define HAVE_STDINT_H 1
| #define HAVE_UNISTD_H 1
| #define HAVE_LIMITS_H 1
| #define MODULE_SCOPE extern __attribute__((__visibility__("hidden")))
| #define TCL_SHLIB_EXT ".so"
| #define TCL_CFG_OPTIMIZED 1
| #define TCL_CFG_DEBUG 1
| #define _LARGEFILE64_SOURCE 1
| /* end confdefs.h.  */
| #define _LARGEFILE_SOURCE64 1
| #include <sys/stat.h>
| int
| main ()
| {
| char *p = (char *)open64;
|   ;
|   return 0;
| }
configure:7555: result:  _LARGEFILE64_SOURCE
configure:7561: checking for 64-bit integer type
configure:7585: gcc -c  -pipe  conftest.c >&5
conftest.c: In function 'main':
conftest.c:29:1: error: unknown type name '__int64'
   29 | __int64 value = (__int64) 0;
      | ^~~~~~~
conftest.c:29:18: error: '__int64' undeclared (first use in this function)
   29 | __int64 value = (__int64) 0;
      |                  ^~~~~~~
conftest.c:29:18: note: each undeclared identifier is reported only once for each function it appears in
conftest.c:29:27: error: expected ',' or ';' before numeric constant
   29 | __int64 value = (__int64) 0;
      |                           ^
configure:7591: $? = 1
configure: failed program was:
| /* confdefs.h.  */
| 
| #define PACKAGE_NAME "tk"
| #define PACKAGE_TARNAME "tk"
| #define PACKAGE_VERSION "8.5"
| #define PACKAGE_STRING "tk 8.5"
| #define PACKAGE_BUGREPORT ""
| #define STDC_HEADERS 1
| #define HAVE_SYS_TYPES_H 1
| #define HAVE_SYS_STAT_H 1
| #define HAVE_STDLIB_H 1
| #define HAVE_STRING_H 1
| #define HAVE_MEMORY_H 1
| #define HAVE_STRINGS_H 1
| #define HAVE_INTTYPES_H 1
| #define HAVE_STDINT_H 1
| #define HAVE_UNISTD_H 1
| #define HAVE_LIMITS_H 1
| #define MODULE_SCOPE extern __attribute__((__visibility__("hidden")))
| #define TCL_SHLIB_EXT ".so"
| #define TCL_CFG_OPTIMIZED 1
| #define TCL_CFG_DEBUG 1
| #define _LARGEFILE64_SOURCE 1
| /* end confdefs.h.  */
| 
| int
| main ()
| {
| __int64 value = (__int64) 0;
|   ;
|   return 0;
| }
configure:7635: gcc -c  -pipe  conftest.c >&5
conftest.c: In function 'main':
conftest.c:30:21: error: duplicate case value
   30 |             case 1: case (sizeof(long long)==sizeof(long)): ;
      |                     ^~~~
conftest.c:30:13: note: previously used here
   30 |             case 1: case (sizeof(long long)==sizeof(long)): ;
      |             ^~~~
configure:7641: $? = 1
configure: failed program was:
| /* confdefs.h.  */
| 
| #define PACKAGE_NAME "tk"
| #define PACKAGE_TARNAME "tk"
| #define PACKAGE_VERSION "8.5"
| #define PACKAGE_STRING "tk 8.5"
| #define PACKAGE_BUGREPORT ""
| #define STDC_HEADERS 1
| #define HAVE_SYS_TYPES_H 1
| #define HAVE_SYS_STAT_H 1
| #define HAVE_STDLIB_H 1
| #define HAVE_STRING_H 1
| #define HAVE_MEMORY_H 1
| #define HAVE_STRINGS_H 1
| #define HAVE_INTTYPES_H 1
| #define HAVE_STDINT_H 1
| #define HAVE_UNISTD_H 1
| #define HAVE_LIMITS_H 1
| #define MODULE_SCOPE extern __attribute__((__visibility__("hidden")))
| #define TCL_SHLIB_EXT ".so"
| #define TCL_CFG_OPTIMIZED 1
| #define TCL_CFG_DEBUG 1
| #define _LARGEFILE64_SOURCE 1
| /* end confdefs.h.  */
| 
| int
| main ()
| {
| switch (0) {
|             case 1: case (sizeof(long long)==sizeof(long)): ;
|         }
|   ;
|   return 0;
| }
configure:7671: result: using long
configure:7987: checking whether byte ordering is bigendian
configure:8014: gcc -c  -pipe  conftest.c >&5
configure:8020: $? = 0
configure:8024: test -z 
			 || test ! -s conftest.err
configure:8027: $? = 0
configure:8030: test -s conftest.o
configure:8033: $? = 0
configure:8057: gcc -c  -pipe  conftest.c >&5
conftest.c: In function 'main':
conftest.c:33:2: error: unknown type name 'not'; did you mean 'ino_t'?
   33 |  not big endian
      |  ^~~
      |  ino_t
conftest.c:33:10: error: expected '=', ',', ';', 'asm' or '__attribute__' before 'endian'
   33 |  not big endian
      |          ^~~~~~
configure:8063: $? = 1
configure: failed program was:
| /* confdefs.h.  */
| 
| #define PACKAGE_NAME "tk"
| #define PACKAGE_TARNAME "tk"
| #define PACKAGE_VERSION "8.5"
| #define PACKAGE_STRING "tk 8.5"
| #define PACKAGE_BUGREPORT ""
| #define STDC_HEADERS 1
| #define HAVE_SYS_TYPES_H 1
| #define HAVE_SYS_STAT_H 1
| #define HAVE_STDLIB_H 1
| #define HAVE_STRING_H 1
| #define HAVE_MEMORY_H 1
| #define HAVE_STRINGS_H 1
| #define HAVE_INTTYPES_H 1
| #define HAVE_STDINT_H 1
| #define HAVE_UNISTD_H 1
| #define HAVE_LIMITS_H 1
| #define MODULE_SCOPE extern __attribute__((__visibility__("hidden")))
| #define TCL_SHLIB_EXT ".so"
| #define TCL_CFG_OPTIMIZED 1
| #define TCL_CFG_DEBUG 1
| #define _LARGEFILE64_SOURCE 1
| #define TCL_WIDE_INT_IS_LONG 1
| /* end confdefs.h.  */
| #include <sys/types.h>
| #include <sys/param.h>
| 
| int
| main ()
| {
| #if BYTE_ORDER != BIG_ENDIAN
|  not big endian
| #endif
| 
|   ;
|   return 0;
| }
configure:8198: result: no
configure:8248: checking for fd_set in sys/types
configure:8270: gcc -c  -pipe  conftest.c >&5
configure:8276: $? = 0
configure:8280: test -z 
			 || test ! -s conftest.err
configure:8283: $? = 0
configure:8286: test -s conftest.o
configure:8289: $? = 0
configure:8300: result: yes
configure:8365: checking sys/time.h usability
configure:8377: gcc -c  -pipe  conftest.c >&5
configure:8383: $? = 0
configure:8387: test -z 
			 || test ! -s conftest.err
configure:8390: $? = 0
configure:8393: test -s conftest.o
configure:8396: $? = 0
configure:8406: result: yes
configure:8410: checking sys/time.h presence
configure:8420: gcc -E  conftest.c
configure:8426: $? = 0
configure:8446: result: yes
configure:8481: checking for sys/time.h
configure:8488: result: yes
configure:8501: checking whether time.h and sys/time.h may both be included
configure:8526: gcc -c  -pipe  conftest.c >&5
configure:8532: $? = 0
configure:8536: test -z 
			 || test ! -s conftest.err
configure:8539: $? = 0
configure:8542: test -s conftest.o
configure:8545: $? = 0
configure:8556: result: yes
configure:8575: checking for strtod
configure:8632: gcc -o conftest  -pipe   -Wl,--export-dynamic  conftest.c  >&5
configure:8638: $? = 0
configure:8642: test -z 
			 || test ! -s conftest.err
configure:8645: $? = 0
configure:8648: test -s conftest
configure:8651: $? = 0
configure:8663: result: yes
configure:8672: checking for Solaris2.4/Tru64 strtod bugs
configure:8709: gcc -o conftest  -pipe   -Wl,--export-dynamic  conftest.c  >&5
conftest.c: In function 'main':
conftest.c:36:25: warning: implicit declaration of function 'exit' [-Wimplicit-function-declaration]
   36 |                         exit(1);
      |                         ^~~~
conftest.c:1:1: note: include '<stdlib.h>' or provide a declaration of 'exit'
  +++ |+#include <stdlib.h>
    1 | /* confdefs.h.  */
conftest.c:36:25: warning: incompatible implicit declaration of built-in function 'exit' [-Wbuiltin-declaration-mismatch]
   36 |                         exit(1);
      |                         ^~~~
conftest.c:36:25: note: include '<stdlib.h>' or provide a declaration of 'exit'
conftest.c:40:25: warning: incompatible implicit declaration of built-in function 'exit' [-Wbuiltin-declaration-mismatch]
   40 |                         exit(1);
      |                         ^~~~
conftest.c:40:25: note: include '<stdlib.h>' or provide a declaration of 'exit'
conftest.c:44:25: warning: incompatible implicit declaration of built-in function 'exit' [-Wbuiltin-declaration-mismatch]
   44 |                         exit(1);
      |                         ^~~~
conftest.c:44:25: note: include '<stdlib.h>' or provide a declaration of 'exit'
conftest.c:46:21: warning: incompatible implicit declaration of built-in function 'exit' [-Wbuiltin-declaration-mismatch]
   46 |                     exit(0);
      |                     ^~~~
conftest.c:46:21: note: include '<stdlib.h>' or provide a declaration of 'exit'
configure:8712: $? = 0
configure:8714: ./conftest
configure:8717: $? = 0
configure:8731: result: ok
configure:8757: checking for mode_t
configure:8781: gcc -c  -pipe  conftest.c >&5
configure:8787: $? = 0
configure:8791: test -z 
			 || test ! -s conftest.err
configure:8794: $? = 0
configure:8797: test -s conftest.o
configure:8800: $? = 0
configure:8811: result: yes
configure:8823: checking for pid_t
configure:8847: gcc -c  -pipe  conftest.c >&5
configure:8853: $? = 0
configure:8857: test -z 
			 || test ! -s conftest.err
configure:8860: $? = 0
configure:8863: test -s conftest.o
configure:8866: $? = 0
configure:8877: result: yes
configure:8889: checking for size_t
configure:8913: gcc -c  -pipe  conftest.c >&5
configure:8919: $? = 0
configure:8923: test -z 
			 || test ! -s conftest.err
configure:8926: $? = 0
configure:8929: test -s conftest.o
configure:8932: $? = 0
configure:8943: result: yes
configure:8955: checking for uid_t in sys/types.h
configure:8978: result: yes
configure:8994: checking for intptr_t
configure:9018: gcc -c  -pipe  conftest.c >&5
configure:9024: $? = 0
configure:9028: test -z 
			 || test ! -s conftest.err
configure:9031: $? = 0
configure:9034: test -s conftest.o
configure:9037: $? = 0
configure:9048: result: yes
configure:9129: checking for uintptr_t
configure:9153: gcc -c  -pipe  conftest.c >&5
configure:9159: $? = 0
configure:9163: test -z 
			 || test ! -s conftest.err
configure:9166: $? = 0
configure:9169: test -s conftest.o
configure:9172: $? = 0
configure:9183: result: yes
configure:9270: checking pw_gecos in struct pwd
configure:9292: gcc -c  -pipe  conftest.c >&5
configure:9298: $? = 0
configure:9302: test -z 
			 || test ! -s conftest.err
configure:9305: $? = 0
configure:9308: test -s conftest.o
configure:9311: $? = 0
configure:9322: result: yes
configure:9831: checking for X
configure:9936: gcc -E  conftest.c
configure:9942: $? = 0
configure:9992: gcc -o conftest  -pipe   -Wl,--export-dynamic  conftest.c -lX11  >&5
configure:9998: $? = 0
configure:10002: test -z 
			 || test ! -s conftest.err
configure:10005: $? = 0
configure:10008: test -s conftest
configure:10011: $? = 0
configure:10061: result: libraries , headers 
configure:10076: gcc -E  conftest.c
conftest.c:31:10: fatal error: X11/XIntrinsic.h: No such file or directory
   31 | #include <X11/XIntrinsic.h>
      |          ^~~~~~~~~~~~~~~~~~
compilation terminated.
configure:10082: $? = 1
configure: failed program was:
| /* confdefs.h.  */
| 
| #define PACKAGE_NAME "tk"
| #define PACKAGE_TARNAME "tk"
| #define PACKAGE_VERSION "8.5"
| #define PACKAGE_STRING "tk 8.5"
| #define PACKAGE_BUGREPORT ""
| #define STDC_HEADERS 1
| #define HAVE_SYS_TYPES_H 1
| #define HAVE_SYS_STAT_H 1
| #define HAVE_STDLIB_H 1
| #define HAVE_STRING_H 1
| #define HAVE_MEMORY_H 1
| #define HAVE_STRINGS_H 1
| #define HAVE_INTTYPES_H 1
| #define HAVE_STDINT_H 1
| #define HAVE_UNISTD_H 1
| #define HAVE_LIMITS_H 1
| #define MODULE_SCOPE extern __attribute__((__visibility__("hidden")))
| #define TCL_SHLIB_EXT ".so"
| #define TCL_CFG_OPTIMIZED 1
| #define TCL_CFG_DEBUG 1
| #define _LARGEFILE64_SOURCE 1
| #define TCL_WIDE_INT_IS_LONG 1
| #define HAVE_SYS_TIME_H 1
| #define TIME_WITH_SYS_TIME 1
| #define HAVE_INTPTR_T 1
| #define HAVE_UINTPTR_T 1
| #define HAVE_PW_GECOS 1
| /* end confdefs.h.  */
| #include <X11/XIntrinsic.h>
configure:10109: checking for X11 header files
configure:10120: gcc -E  conftest.c
configure:10126: $? = 0
configure:10309: checking for main in -lXbsd
configure:10333: gcc -o conftest  -pipe   -Wl,--export-dynamic  conftest.c -lXbsd   >&5
/usr/bin/ld: cannot find -lXbsd: No such file or directory
collect2: error: ld returned 1 exit status
configure:10339: $? = 1
configure: failed program was:
| /* confdefs.h.  */
| 
| #define PACKAGE_NAME "tk"
| #define PACKAGE_TARNAME "tk"
| #define PACKAGE_VERSION "8.5"
| #define PACKAGE_STRING "tk 8.5"
| #define PACKAGE_BUGREPORT ""
| #define STDC_HEADERS 1
| #define HAVE_SYS_TYPES_H 1
| #define HAVE_SYS_STAT_H 1
| #define HAVE_STDLIB_H 1
| #define HAVE_STRING_H 1
| #define HAVE_MEMORY_H 1
| #define HAVE_STRINGS_H 1
| #define HAVE_INTTYPES_H 1
| #define HAVE_STDINT_H 1
| #define HAVE_UNISTD_H 1
| #define HAVE_LIMITS_H 1
| #define MODULE_SCOPE extern __attribute__((__visibility__("hidden")))
| #define TCL_SHLIB_EXT ".so"
| #define TCL_CFG_OPTIMIZED 1
| #define TCL_CFG_DEBUG 1
| #define _LARGEFILE64_SOURCE 1
| #define TCL_WIDE_INT_IS_LONG 1
| #define HAVE_SYS_TIME_H 1
| #define TIME_WITH_SYS_TIME 1
| #define HAVE_INTPTR_T 1
| #define HAVE_UINTPTR_T 1
| #define HAVE_PW_GECOS 1
| /* end confdefs.h.  */
| 
| 
| int
| main ()
| {
| main ();
|   ;
|   return 0;
| }
configure:10365: result: no
configure:10464: checking whether to try to use XScreenSaver
configure:10477: result: yes
configure:10479: checking for X11/extensions/scrnsaver.h
configure:10495: gcc -c  -pipe   conftest.c >&5
configure:10501: $? = 0
configure:10505: test -z 
			 || test ! -s conftest.err
configure:10508: $? = 0
configure:10511: test -s conftest.o
configure:10514: $? = 0
configure:10525: result: yes
configure:10534: checking for XScreenSaverQueryInfo
configure:10591: gcc -o conftest  -pipe    -Wl,--export-dynamic  conftest.c  -lX11 >&5
/usr/bin/ld: /tmp/cce9eUW4.o: in function `main':
conftest.c:(.text+0x12): undefined reference to `XScreenSaverQueryInfo'
/usr/bin/ld: /tmp/cce9eUW4.o:(.data.rel+0x0): undefined reference to `XScreenSaverQueryInfo'
collect2: error: ld returned 1 exit status
configure:10597: $? = 1
configure: failed program was:
| /* confdefs.h.  */
| 
| #define PACKAGE_NAME "tk"
| #define PACKAGE_TARNAME "tk"
| #define PACKAGE_VERSION "8.5"
| #define PACKAGE_STRING "tk 8.5"
| #define PACKAGE_BUGREPORT ""
| #define STDC_HEADERS 1
| #define HAVE_SYS_TYPES_H 1
| #define HAVE_SYS_STAT_H 1
| #define HAVE_STDLIB_H 1
| #define HAVE_STRING_H 1
| #define HAVE_MEMORY_H 1
| #define HAVE_STRINGS_H 1
| #define HAVE_INTTYPES_H 1
| #define HAVE_STDINT_H 1
| #define HAVE_UNISTD_H 1
| #define HAVE_LIMITS_H 1
| #define MODULE_SCOPE extern __attribute__((__visibility__("hidden")))
| #define TCL_SHLIB_EXT ".so"
| #define TCL_CFG_OPTIMIZED 1
| #define TCL_CFG_DEBUG 1
| #define _LARGEFILE64_SOURCE 1
| #define TCL_WIDE_INT_IS_LONG 1
| #define HAVE_SYS_TIME_H 1
| #define TIME_WITH_SYS_TIME 1
| #define HAVE_INTPTR_T 1
| #define HAVE_UINTPTR_T 1
| #define HAVE_PW_GECOS 1
| /* end confdefs.h.  */
| /* Define XScreenSaverQueryInfo to an innocuous variant, in case <limits.h> declares XScreenSaverQueryInfo.
|    For example, HP-UX 11i <limits.h> declares gettimeofday.  */
| #define XScreenSaverQueryInfo innocuous_XScreenSaverQueryInfo
| 
| /* System header to define __stub macros and hopefully few prototypes,
|     which can conflict with char XScreenSaverQueryInfo (); below.
|     Prefer <limits.h> to <assert.h> if __STDC__ is defined, since
|     <limits.h> exists even on freestanding compilers.  */
| 
| #ifdef __STDC__
| # include <limits.h>
| #else
| # include <assert.h>
| #endif
| 
| #undef XScreenSaverQueryInfo
| 
| /* Override any gcc2 internal prototype to avoid an error.  */
| #ifdef __cplusplus
| extern "C"
| {
| #endif
| /* We use char because int might match the return type of a gcc2
|    builtin and then its argument prototype would still apply.  */
| char XScreenSaverQueryInfo ();
| /* The GNU C library defines this for functions which it implements
|     to always fail with ENOSYS.  Some functions are actually named
|     something starting with __ and the normal name is an alias.  */
| #if defined (__stub_XScreenSaverQueryInfo) || defined (__stub___XScreenSaverQueryInfo)
| choke me
| #else
| char (*f) () = XScreenSaverQueryInfo;
| #endif
| #ifdef __cplusplus
| }
| #endif
| 
| int
| main ()
| {
| return f != XScreenSaverQueryInfo;
|   ;
|   return 0;
| }
configure:10622: result: no
configure:10628: checking for XScreenSaverQueryInfo in -lXext
configure:10658: gcc -o conftest  -pipe    -Wl,--export-dynamic  conftest.c -lXext   -lX11 >&5
/usr/bin/ld: /tmp/ccwIi3Qp.o: in function `main':
conftest.c:(.text+0xe): undefined reference to `XScreenSaverQueryInfo'
collect2: error: ld returned 1 exit status
configure:10664: $? = 1
configure: failed program was:
| /* confdefs.h.  */
| 
| #define PACKAGE_NAME "tk"
| #define PACKAGE_TARNAME "tk"
| #define PACKAGE_VERSION "8.5"
| #define PACKAGE_STRING "tk 8.5"
| #define PACKAGE_BUGREPORT ""
| #define STDC_HEADERS 1
| #define HAVE_SYS_TYPES_H 1
| #define HAVE_SYS_STAT_H 1
| #define HAVE_STDLIB_H 1
| #define HAVE_STRING_H 1
| #define HAVE_MEMORY_H 1
| #define HAVE_STRINGS_H 1
| #define HAVE_INTTYPES_H 1
| #define HAVE_STDINT_H 1
| #define HAVE_UNISTD_H 1
| #define HAVE_LIMITS_H 1
| #define MODULE_SCOPE extern __attribute__((__visibility__("hidden")))
| #define TCL_SHLIB_EXT ".so"
| #define TCL_CFG_OPTIMIZED 1
| #define TCL_CFG_DEBUG 1
| #define _LARGEFILE64_SOURCE 1
| #define TCL_WIDE_INT_IS_LONG 1
| #define HAVE_SYS_TIME_H 1
| #define TIME_WITH_SYS_TIME 1
| #define HAVE_INTPTR_T 1
| #define HAVE_UINTPTR_T 1
| #define HAVE_PW_GECOS 1
| /* end confdefs.h.  */
| 
| /* Override any gcc2 internal prototype to avoid an error.  */
| #ifdef __cplusplus
| extern "C"
| #endif
| /* We use char because int might match the return type of a gcc2
|    builtin and then its argument prototype would still apply.  */
| char XScreenSaverQueryInfo ();
| int
| main ()
| {
| XScreenSaverQueryInfo ();
|   ;
|   return 0;
| }
configure:10690: result: no
configure:10699: checking for XScreenSaverQueryInfo in -lXss
configure:10729: gcc -o conftest  -pipe    -Wl,--export-dynamic  conftest.c -lXss -lXext  -lX11 >&5
configure:10735: $? = 0
configure:10739: test -z 
			 || test ! -s conftest.err
configure:10742: $? = 0
configure:10745: test -s conftest
configure:10748: $? = 0
configure:10761: result: yes
configure:10799: checking whether to use xft
configure:10822: result: yes
configure:10829: checking for X11/Xft/Xft.h
configure:10845: gcc -c  -pipe  -I/usr/include/uuid -I/usr/include/freetype2 -I/usr/include/libpng16  conftest.c >&5
configure:10851: $? = 0
configure:10855: test -z 
			 || test ! -s conftest.err
configure:10858: $? = 0
configure:10861: test -s conftest.o
configure:10864: $? = 0
configure:10875: result: yes
configure:10895: checking for FT_New_Face in -lXft
configure:10925: gcc -o conftest  -pipe  -I/usr/include/uuid -I/usr/include/freetype2 -I/usr/include/libpng16   -Wl,--export-dynamic  conftest.c -lXft   -lXft -lX11 -lXss -lXext >&5
/usr/bin/ld: /tmp/cctyo96W.o: in function `main':
conftest.c:(.text+0xe): undefined reference to `FT_New_Face'
collect2: error: ld returned 1 exit status
configure:10931: $? = 1
configure: failed program was:
| /* confdefs.h.  */
| 
| #define PACKAGE_NAME "tk"
| #define PACKAGE_TARNAME "tk"
| #define PACKAGE_VERSION "8.5"
| #define PACKAGE_STRING "tk 8.5"
| #define PACKAGE_BUGREPORT ""
| #define STDC_HEADERS 1
| #define HAVE_SYS_TYPES_H 1
| #define HAVE_SYS_STAT_H 1
| #define HAVE_STDLIB_H 1
| #define HAVE_STRING_H 1
| #define HAVE_MEMORY_H 1
| #define HAVE_STRINGS_H 1
| #define HAVE_INTTYPES_H 1
| #define HAVE_STDINT_H 1
| #define HAVE_UNISTD_H 1
| #define HAVE_LIMITS_H 1
| #define MODULE_SCOPE extern __attribute__((__visibility__("hidden")))
| #define TCL_SHLIB_EXT ".so"
| #define TCL_CFG_OPTIMIZED 1
| #define TCL_CFG_DEBUG 1
| #define _LARGEFILE64_SOURCE 1
| #define TCL_WIDE_INT_IS_LONG 1
| #define HAVE_SYS_TIME_H 1
| #define TIME_WITH_SYS_TIME 1
| #define HAVE_INTPTR_T 1
| #define HAVE_UINTPTR_T 1
| #define HAVE_PW_GECOS 1
| #define HAVE_XSS 1
| /* end confdefs.h.  */
| 
| /* Override any gcc2 internal prototype to avoid an error.  */
| #ifdef __cplusplus
| extern "C"
| #endif
| /* We use char because int might match the return type of a gcc2
|    builtin and then its argument prototype would still apply.  */
| char FT_New_Face ();
| int
| main ()
| {
| FT_New_Face ();
|   ;
|   return 0;
| }
configure:10957: result: no
configure:11008: checking whether char is unsigned
configure:11031: gcc -c  -pipe  conftest.c >&5
configure:11037: $? = 0
configure:11041: test -z 
			 || test ! -s conftest.err
configure:11044: $? = 0
configure:11047: test -s conftest.o
configure:11050: $? = 0
configure:11061: result: no
configure:11434: creating ./config.status

## ---------------------- ##
## Running config.status. ##
## ---------------------- ##

This file was extended by tk config.status 8.5, which was
generated by GNU Autoconf 2.59.  Invocation command line was

  CONFIG_FILES    = 
  CONFIG_HEADERS  = 
  CONFIG_LINKS    = 
  CONFIG_COMMANDS = 
  $ ./config.status 

on benevantmathew-HP-Pavilion-15-Notebook-PC

config.status:734: creating Makefile
config.status:734: creating tkConfig.sh

## ---------------- ##
## Cache variables. ##
## ---------------- ##

ac_cv_c_bigendian=no
ac_cv_c_char_unsigned=no
ac_cv_c_compiler_gnu=yes
ac_cv_c_tclconfig=/usr/local/lib
ac_cv_env_CC_set=
ac_cv_env_CC_value=
ac_cv_env_CFLAGS_set=
ac_cv_env_CFLAGS_value=
ac_cv_env_CPPFLAGS_set=
ac_cv_env_CPPFLAGS_value=
ac_cv_env_CPP_set=
ac_cv_env_CPP_value=
ac_cv_env_LDFLAGS_set=
ac_cv_env_LDFLAGS_value=
ac_cv_env_build_alias_set=
ac_cv_env_build_alias_value=
ac_cv_env_host_alias_set=
ac_cv_env_host_alias_value=
ac_cv_env_target_alias_set=
ac_cv_env_target_alias_value=
ac_cv_exeext=
ac_cv_func_XScreenSaverQueryInfo=no
ac_cv_func_strtod=yes
ac_cv_have_x='have_x=yes 		ac_x_includes= ac_x_libraries='
ac_cv_header_X11_Xft_Xft_h=yes
ac_cv_header_X11_extensions_scrnsaver_h=yes
ac_cv_header_inttypes_h=yes
ac_cv_header_limits_h=yes
ac_cv_header_memory_h=yes
ac_cv_header_stdc=yes
ac_cv_header_stdint_h=yes
ac_cv_header_stdlib_h=yes
ac_cv_header_string_h=yes
ac_cv_header_strings_h=yes
ac_cv_header_sys_stat_h=yes
ac_cv_header_sys_time_h=yes
ac_cv_header_sys_types_h=yes
ac_cv_header_time=yes
ac_cv_header_unistd_h=yes
ac_cv_lib_Xbsd_main=no
ac_cv_lib_Xext_XScreenSaverQueryInfo=no
ac_cv_lib_Xft_FT_New_Face=no
ac_cv_lib_Xss_XScreenSaverQueryInfo=yes
ac_cv_lib_dl_dlopen=yes
ac_cv_objext=o
ac_cv_path_tclsh=/usr/local/bin/tclsh8.5
ac_cv_prog_AR=ar
ac_cv_prog_CPP='gcc -E'
ac_cv_prog_ac_ct_CC=gcc
ac_cv_prog_ac_ct_RANLIB=ranlib
ac_cv_prog_cc_g=yes
ac_cv_prog_cc_stdc=
ac_cv_prog_egrep='grep -E'
ac_cv_type_intptr_t=yes
ac_cv_type_mode_t=yes
ac_cv_type_pid_t=yes
ac_cv_type_size_t=yes
ac_cv_type_uid_t=yes
ac_cv_type_uintptr_t=yes
tcl_cv_cc_pipe=yes
tcl_cv_cc_visibility_hidden=yes
tcl_cv_flag__isoc99_source=no
tcl_cv_flag__largefile64_source=yes
tcl_cv_flag__largefile_source64=no
tcl_cv_pwd_pw_gecos=yes
tcl_cv_strtod_buggy=ok
tcl_cv_sys_version=Linux-5.15.0-57-generic
tcl_cv_type_64bit=none
tcl_cv_type_fd_set=yes

## ----------------- ##
## Output variables. ##
## ----------------- ##

APP_RSRC_FILE=''
AR='ar'
BUILD_TCLSH='/usr/local/lib/tclsh'
CC='gcc'
CC_SEARCH_FLAGS='-Wl,-rpath,${LIB_RUNTIME_DIR}'
CFBUNDLELOCALIZATIONS=''
CFLAGS=' -pipe '
CFLAGS_DEBUG='-g'
CFLAGS_DEFAULT='$(CFLAGS_OPTIMIZE)'
CFLAGS_OPTIMIZE='-O2'
CFLAGS_WARNING='-Wall'
CPP='gcc -E'
CPPFLAGS=''
DEFS='-DPACKAGE_NAME=\"tk\" -DPACKAGE_TARNAME=\"tk\" -DPACKAGE_VERSION=\"8.5\" -DPACKAGE_STRING=\"tk\ 8.5\" -DPACKAGE_BUGREPORT=\"\" -DSTDC_HEADERS=1 -DHAVE_SYS_TYPES_H=1 -DHAVE_SYS_STAT_H=1 -DHAVE_STDLIB_H=1 -DHAVE_STRING_H=1 -DHAVE_MEMORY_H=1 -DHAVE_STRINGS_H=1 -DHAVE_INTTYPES_H=1 -DHAVE_STDINT_H=1 -DHAVE_UNISTD_H=1 -DHAVE_LIMITS_H=1 -DMODULE_SCOPE=extern\ __attribute__\(\(__visibility__\(\"hidden\"\)\)\) -DTCL_SHLIB_EXT=\".so\" -DTCL_CFG_OPTIMIZED=1 -DTCL_CFG_DEBUG=1 -D_LARGEFILE64_SOURCE=1 -DTCL_WIDE_INT_IS_LONG=1 -DHAVE_SYS_TIME_H=1 -DTIME_WITH_SYS_TIME=1 -DHAVE_INTPTR_T=1 -DHAVE_UINTPTR_T=1 -DHAVE_PW_GECOS=1 -DHAVE_XSS=1 '
DL_LIBS='-ldl'
DL_OBJS='tclLoadDl.o'
ECHO_C=''
ECHO_N='-n'
ECHO_T=''
EGREP='grep -E'
EXEEXT=''
EXTRA_APP_CC_SWITCHES=''
EXTRA_BUILD_HTML=''
EXTRA_CC_SWITCHES=''
EXTRA_INSTALL=''
EXTRA_INSTALL_BINARIES=''
EXTRA_WISH_LIBS=''
HTML_DIR='$(DISTDIR)/html'
INSTALL_LIB='$(INSTALL_LIBRARY) $(LIB_FILE) "$(LIB_INSTALL_DIR)"/$(LIB_FILE)'
INSTALL_STUB_LIB='$(INSTALL_LIBRARY) $(STUB_LIB_FILE) "$(LIB_INSTALL_DIR)"/$(STUB_LIB_FILE) ; (cd "$(LIB_INSTALL_DIR)" ; $(RANLIB) $(STUB_LIB_FILE))'
LDAIX_SRC=''
LDFLAGS=' -Wl,--export-dynamic '
LDFLAGS_DEBUG=''
LDFLAGS_DEFAULT='$(LDFLAGS_OPTIMIZE)'
LDFLAGS_OPTIMIZE=''
LD_LIBRARY_PATH_VAR='LD_LIBRARY_PATH'
LD_SEARCH_FLAGS='-Wl,-rpath,${LIB_RUNTIME_DIR}'
LIBOBJS=''
LIBS=''
LIB_RSRC_FILE=''
LOCALES='cs da de el en en_gb eo es fr hu it nl pl pt ru sv'
LTLIBOBJS=''
MAKE_LIB='${SHLIB_LD} -o $@ ${OBJS} ${SHLIB_LD_LIBS} ${TCL_SHLIB_LD_EXTRAS} ${TK_SHLIB_LD_EXTRAS} ${LD_SEARCH_FLAGS}'
MAKE_STUB_LIB='${STLIB_LD} $@ ${STUB_LIB_OBJS} ; ${RANLIB} $@'
MAN_FLAGS=''
OBJEXT='o'
PACKAGE_BUGREPORT=''
PACKAGE_NAME='tk'
PACKAGE_STRING='tk 8.5'
PACKAGE_TARNAME='tk'
PACKAGE_VERSION='8.5'
PATH_SEPARATOR=':'
PLAT_OBJS=''
PLAT_SRCS=''
PRIVATE_INCLUDE_DIR='$(includedir)'
RANLIB='ranlib'
REZ=''
REZ_FLAGS=''
SHELL='/bin/bash'
SHLIB_CFLAGS='-fPIC'
SHLIB_LD='${CC} -shared ${CFLAGS} ${LDFLAGS}'
SHLIB_LD_LIBS='${LIBS} ${TCL_STUB_LIB_SPEC}'
SHLIB_SUFFIX='.so'
STLIB_LD='${AR} cr'
TCLSH_PROG='/usr/local/bin/tclsh8.5'
TCL_BIN_DIR='/usr/local/lib'
TCL_LIBS='-ldl  -lm'
TCL_LIB_FILE='libtcl8.5.so'
TCL_LIB_FLAG='-ltcl8.5'
TCL_LIB_SPEC='-L/usr/local/lib -ltcl8.5'
TCL_PATCH_LEVEL='.9'
TCL_SHLIB_LD_EXTRAS=''
TCL_SRC_DIR='/home/benevantmathew/github/public/tcl859/tcl8.5.9'
TCL_STUB_FLAGS='-DUSE_TCL_STUBS'
TCL_STUB_LIB_FILE='libtclstub8.5.a'
TCL_STUB_LIB_FLAG='-ltclstub8.5'
TCL_STUB_LIB_SPEC='-L/usr/local/lib -ltclstub8.5'
TCL_THREADS='0'
TCL_VERSION='8.5'
TK_BUILD_LIB_SPEC='-L/home/benevantmathew/github/public/tcl859/tk8.5.9/unix -ltk8.5'
TK_BUILD_STUB_LIB_PATH='/home/benevantmathew/github/public/tcl859/tk8.5.9/unix/libtkstub8.5.a'
TK_BUILD_STUB_LIB_SPEC='-L/home/benevantmathew/github/public/tcl859/tk8.5.9/unix -ltkstub8.5'
TK_INCLUDE_SPEC='-I/usr/local/include'
TK_LIBRARY='$(prefix)/lib/tk$(VERSION)'
TK_LIB_FILE='libtk8.5.so'
TK_LIB_FLAG='-ltk8.5'
TK_LIB_SPEC='-L/usr/local/lib -ltk8.5'
TK_MAJOR_VERSION='8'
TK_MINOR_VERSION='5'
TK_PATCH_LEVEL='.9'
TK_PKG_DIR='tk$(VERSION)'
TK_RSRC_FILE='tk$(VERSION).rsrc'
TK_SHARED_BUILD='1'
TK_SHLIB_LD_EXTRAS=''
TK_SRC_DIR='/home/benevantmathew/github/public/tcl859/tk8.5.9'
TK_STUB_LIB_FILE='libtkstub8.5.a'
TK_STUB_LIB_FLAG='-ltkstub8.5'
TK_STUB_LIB_PATH='/usr/local/lib/libtkstub8.5.a'
TK_STUB_LIB_SPEC='-L/usr/local/lib -ltkstub8.5'
TK_VERSION='8.5'
TK_WINDOWINGSYSTEM='X11'
TK_YEAR=''
UNIX_FONT_OBJS='tkUnixFont.o'
WISH_RSRC_FILE='wish$(VERSION).rsrc'
XFT_CFLAGS=''
XFT_LIBS=''
XINCLUDES=''
XLIBSW='-lX11 -lXss -lXext'
ac_ct_CC='gcc'
ac_ct_RANLIB='ranlib'
bindir='${exec_prefix}/bin'
build_alias=''
datadir='${prefix}/share'
exec_prefix='/usr/local'
host_alias=''
includedir='${prefix}/include'
infodir='${prefix}/info'
libdir='/usr/local/lib'
libexecdir='${exec_prefix}/libexec'
localstatedir='${prefix}/var'
mandir='${prefix}/man'
oldincludedir='/usr/include'
prefix='/usr/local'
program_transform_name='s,x,x,'
sbindir='${exec_prefix}/sbin'
sharedstatedir='${prefix}/com'
sysconfdir='${prefix}/etc'
target_alias=''

## ----------- ##
## confdefs.h. ##
## ----------- ##

#define HAVE_INTPTR_T 1
#define HAVE_INTTYPES_H 1
#define HAVE_LIMITS_H 1
#define HAVE_MEMORY_H 1
#define HAVE_PW_GECOS 1
#define HAVE_STDINT_H 1
#define HAVE_STDLIB_H 1
#define HAVE_STRINGS_H 1
#define HAVE_STRING_H 1
#define HAVE_SYS_STAT_H 1
#define HAVE_SYS_TIME_H 1
#define HAVE_SYS_TYPES_H 1
#define HAVE_UINTPTR_T 1
#define HAVE_UNISTD_H 1
#define HAVE_XSS 1
#define MODULE_SCOPE extern __attribute__((__visibility__("hidden")))
#define PACKAGE_BUGREPORT ""
#define PACKAGE_NAME "tk"
#define PACKAGE_STRING "tk 8.5"
#define PACKAGE_TARNAME "tk"
#define PACKAGE_VERSION "8.5"
#define STDC_HEADERS 1
#define TCL_CFG_DEBUG 1
#define TCL_CFG_OPTIMIZED 1
#define TCL_SHLIB_EXT ".so"
#define TCL_WIDE_INT_IS_LONG 1
#define TIME_WITH_SYS_TIME 1
#define _LARGEFILE64_SOURCE 1

configure: exit 0
